<?xml version="1.0" encoding="UTF-8"?>
<!-- Generated by org.testng.reporters.JUnitXMLReporter -->
<testsuite ignored="0" hostname="Z422" failures="1" tests="1" name="Run" time="20.362" errors="0" timestamp="2023-01-09T03:07:15 IST">
  <testcase classname="com.opencart.testcase.TC123_DLdownloadableordertest" name="downloadValidateDownloadableOrders" time="4.058">
    <failure type="java.lang.AssertionError" message="There Are No Products In The Website To Place The Downloadable Orders And Hence Cannot Test">
      <![CDATA[java.lang.AssertionError: There Are No Products In The Website To Place The Downloadable Orders And Hence Cannot Test
at com.opencart.testcase.TC123_DLdownloadableordertest.downloadValidateDownloadableOrders(TC123_DLdownloadableordertest.java:53)
at java.base/java.util.ArrayList.forEach(ArrayList.java:1511)
... Removed 26 stack frames]]>
    </failure>
  </testcase> <!-- downloadValidateDownloadableOrders -->
</testsuite> <!-- Run -->
