<?xml version="1.0" encoding="UTF-8"?>
<!-- Generated by org.testng.reporters.JUnitXMLReporter -->
<testsuite ignored="0" hostname="Z422" failures="1" tests="5" name="ContactUsFeature" time="49.925" errors="0" timestamp="2023-01-09T16:04:49 IST">
  <testcase classname="com.opencart.testcase.TC141_CUnavigatepagetest" name="contactUsNavigationPage" time="1.444"/>
  <testcase classname="com.opencart.testcase.TC142_CUfromorderpagetest" name="contactUsFromOrderSuccessPage" time="15.847"/>
  <testcase classname="com.opencart.testcase.TC143_CUmandtryfieldtest" name="contactUsMandatoryFieldTest" time="2.523">
    <failure type="java.lang.AssertionError" message="Blank &amp;apos;Contact Us&amp;apos; Page  Displayed On Submitting Form In &amp;apos;Contact Us&amp;apos; Page">
      <![CDATA[java.lang.AssertionError: Blank 'Contact Us' Page  Displayed On Submitting Form In 'Contact Us' Page
at com.opencart.testcase.TC143_CUmandtryfieldtest.contactUsMandatoryFieldTest(TC143_CUmandtryfieldtest.java:37)
at java.base/java.util.ArrayList.forEach(ArrayList.java:1511)
... Removed 26 stack frames]]>
    </failure>
  </testcase> <!-- contactUsMandatoryFieldTest -->
  <testcase classname="com.opencart.testcase.TC144_CUinvaliddatatest" name="contactUsWithInvalidCredentials" time="2.233"/>
  <testcase classname="com.opencart.testcase.TC144_CUinvaliddatatest" name="contactUsWithInvalidCredentials" time="1.919"/>
</testsuite> <!-- ContactUsFeature -->
