<html>
<head>
<title>TestNG:  ContactUsFeature</title>
<link href="../testng.css" rel="stylesheet" type="text/css" />
<link href="../my-testng.css" rel="stylesheet" type="text/css" />

<style type="text/css">
.log { display: none;} 
.stack-trace { display: none;} 
</style>
<script type="text/javascript">
<!--
function flip(e) {
  current = e.style.display;
  if (current == 'block') {
    e.style.display = 'none';
    return 0;
  }
  else {
    e.style.display = 'block';
    return 1;
  }
}

function toggleBox(szDivId, elem, msg1, msg2)
{
  var res = -1;  if (document.getElementById) {
    res = flip(document.getElementById(szDivId));
  }
  else if (document.all) {
    // this is the way old msie versions work
    res = flip(document.all[szDivId]);
  }
  if(elem) {
    if(res == 0) elem.innerHTML = msg1; else elem.innerHTML = msg2;
  }

}

function toggleAllBoxes() {
  if (document.getElementsByTagName) {
    d = document.getElementsByTagName('div');
    for (i = 0; i < d.length; i++) {
      if (d[i].className == 'log') {
        flip(d[i]);
      }
    }
  }
}

// -->
</script>

</head>
<body>
<h2 align='center'>ContactUsFeature</h2><table border='1' align="center">
<tr>
<td>Tests passed/Failed/Skipped:</td><td>4/1/0</td>
</tr><tr>
<td>Started on:</td><td>Mon Jan 09 16:03:59 IST 2023</td>
</tr>
<tr><td>Total time:</td><td>49 seconds (49925 ms)</td>
</tr><tr>
<td>Included groups:</td><td></td>
</tr><tr>
<td>Excluded groups:</td><td></td>
</tr>
</table><p/>
<small><i>(Hover the method name to see the test class name)</i></small><p/>
<table width='100%' border='1' class='invocation-failed'>
<tr><td colspan='4' align='center'><b>FAILED TESTS</b></td></tr>
<tr><td><b>Test method</b></td>
<td><b>Attribute(s)</b></td>
<td width="30%"><b>Exception</b></td>
<td width="10%"><b>Time (seconds)</b></td>
<td><b>Instance</b></td>
</tr>
<tr>
<td title='com.opencart.testcase.TC143_CUmandtryfieldtest.contactUsMandatoryFieldTest()'><b>contactUsMandatoryFieldTest</b><br>Test class: com.opencart.testcase.TC143_CUmandtryfieldtest<br>Parameters: Chrome,Akshay,akshaysnaik1111@gmail.com,Greatings I Have Purchased iMAC Product Id 3079 But Still Not Delivered,iMac</td>
<td><div><pre>java.lang.AssertionError: Blank &apos;Contact Us&apos; Page  Displayed On Submitting Form In &apos;Contact Us&apos; Page
	at com.opencart.testcase.TC143_CUmandtryfieldtest.contactUsMandatoryFieldTest(TC143_CUmandtryfieldtest.java:37)
	at java.base/java.util.ArrayList.forEach(ArrayList.java:1511)
... Removed 26 stack frames</pre></div><a href='#' onClick='toggleBox("stack-trace1844451378", this, "Click to show all stack frames", "Click to hide stack frames")'>Click to show all stack frames</a>
<div class='stack-trace' id='stack-trace1844451378'><pre>java.lang.AssertionError: Blank &apos;Contact Us&apos; Page  Displayed On Submitting Form In &apos;Contact Us&apos; Page
	at org.testng.Assert.fail(Assert.java:110)
	at com.opencart.testcase.TC143_CUmandtryfieldtest.contactUsMandatoryFieldTest(TC143_CUmandtryfieldtest.java:37)
	at java.base/jdk.internal.reflect.DirectMethodHandleAccessor.invoke(DirectMethodHandleAccessor.java:104)
	at java.base/java.lang.reflect.Method.invoke(Method.java:577)
	at org.testng.internal.invokers.MethodInvocationHelper.invokeMethod(MethodInvocationHelper.java:139)
	at org.testng.internal.invokers.TestInvoker.invokeMethod(TestInvoker.java:677)
	at org.testng.internal.invokers.TestInvoker.invokeTestMethod(TestInvoker.java:221)
	at org.testng.internal.invokers.MethodRunner.runInSequence(MethodRunner.java:50)
	at org.testng.internal.invokers.TestInvoker$MethodInvocationAgent.invoke(TestInvoker.java:969)
	at org.testng.internal.invokers.TestInvoker.invokeTestMethods(TestInvoker.java:194)
	at org.testng.internal.invokers.TestMethodWorker.invokeTestMethods(TestMethodWorker.java:148)
	at org.testng.internal.invokers.TestMethodWorker.run(TestMethodWorker.java:128)
	at java.base/java.util.ArrayList.forEach(ArrayList.java:1511)
	at org.testng.TestRunner.privateRun(TestRunner.java:829)
	at org.testng.TestRunner.run(TestRunner.java:602)
	at org.testng.SuiteRunner.runTest(SuiteRunner.java:437)
	at org.testng.SuiteRunner.runSequentially(SuiteRunner.java:431)
	at org.testng.SuiteRunner.privateRun(SuiteRunner.java:391)
	at org.testng.SuiteRunner.run(SuiteRunner.java:330)
	at org.testng.SuiteRunnerWorker.runSuite(SuiteRunnerWorker.java:52)
	at org.testng.SuiteRunnerWorker.run(SuiteRunnerWorker.java:95)
	at org.testng.TestNG.runSuitesSequentially(TestNG.java:1256)
	at org.testng.TestNG.runSuitesLocally(TestNG.java:1176)
	at org.testng.TestNG.runSuites(TestNG.java:1099)
	at org.testng.TestNG.run(TestNG.java:1067)
	at org.testng.remote.AbstractRemoteTestNG.run(AbstractRemoteTestNG.java:115)
	at org.testng.remote.RemoteTestNG.initAndRun(RemoteTestNG.java:251)
	at org.testng.remote.RemoteTestNG.main(RemoteTestNG.java:77)
</pre></div></td>
<td>2</td>
<td>com.opencart.testcase.TC143_CUmandtryfieldtest@73ff4fae</td></tr>
</table><p>
<table width='100%' border='1' class='invocation-passed'>
<tr><td colspan='4' align='center'><b>PASSED TESTS</b></td></tr>
<tr><td><b>Test method</b></td>
<td><b>Attribute(s)</b></td>
<td width="30%"><b>Exception</b></td>
<td width="10%"><b>Time (seconds)</b></td>
<td><b>Instance</b></td>
</tr>
<tr>
<td title='com.opencart.testcase.TC144_CUinvaliddatatest.contactUsWithInvalidCredentials()'><b>contactUsWithInvalidCredentials</b><br>Test class: com.opencart.testcase.TC144_CUinvaliddatatest<br>Parameters: Chrome,Akshay,akshaysnaik.com,Greatings I Have Purchased iMAC Product Id 3079 But Still Not Delivered,iMac</td>
<td></td>
<td>2</td>
<td>com.opencart.testcase.TC144_CUinvaliddatatest@21aa6d6c</td></tr>
<tr>
<td title='com.opencart.testcase.TC141_CUnavigatepagetest.contactUsNavigationPage()'><b>contactUsNavigationPage</b><br>Test class: com.opencart.testcase.TC141_CUnavigatepagetest</td>
<td></td>
<td>1</td>
<td>com.opencart.testcase.TC141_CUnavigatepagetest@4b3c354a</td></tr>
<tr>
<td title='com.opencart.testcase.TC144_CUinvaliddatatest.contactUsWithInvalidCredentials()'><b>contactUsWithInvalidCredentials</b><br>Test class: com.opencart.testcase.TC144_CUinvaliddatatest<br>Parameters: Chrome,Akshay,akshaysnaik@gmial,Greatings I Have Purchased iMAC Product Id 3079 But Still Not Delivered,iMac</td>
<td></td>
<td>1</td>
<td>com.opencart.testcase.TC144_CUinvaliddatatest@21aa6d6c</td></tr>
<tr>
<td title='com.opencart.testcase.TC142_CUfromorderpagetest.contactUsFromOrderSuccessPage()'><b>contactUsFromOrderSuccessPage</b><br>Test class: com.opencart.testcase.TC142_CUfromorderpagetest<br>Parameters: {countryoption=Botswana, Email=ravi8@gmail.com, FirstName=Kishore, Address2=Koremangala, Runmode=Y, Product=HP LP3065, Address1=Kings Vinue, Postcode=560034, Companyname=Aptek Ltd, ExpectedResult=Success, LastName=Sharma, Cityname=Bangalore, Zoneoption=8, Browser=Firefox, Password=12345}</td>
<td></td>
<td>15</td>
<td>com.opencart.testcase.TC142_CUfromorderpagetest@78fb9a67</td></tr>
</table><p>
</body>
</html>