<?xml version="1.0" encoding="UTF-8"?>
<!-- Generated by org.testng.reporters.JUnitXMLReporter -->
<testsuite ignored="0" hostname="Z422" failures="1" tests="3" name="DownloadsFeature" time="45.721" errors="0" timestamp="2023-01-09T01:48:20 IST">
  <testcase classname="com.opencart.testcase.TC121_DLnavigationtopagetest" name="downloadsPageNavigation" time="5.331"/>
  <testcase classname="com.opencart.testcase.TC122_DLbeforelogintest" name="downloadsBeforeLogin" time="3.4"/>
  <testcase classname="com.opencart.testcase.TC123_DLdownloadableordertest" name="downloadValidateDownloadableOrders" time="3.09">
    <failure type="java.lang.AssertionError" message="There Are No Downloadable Orders Present In Downloads Page And Hence Cannot Test">
      <![CDATA[java.lang.AssertionError: There Are No Downloadable Orders Present In Downloads Page And Hence Cannot Test
at com.opencart.testcase.TC123_DLdownloadableordertest.downloadValidateDownloadableOrders(TC123_DLdownloadableordertest.java:53)
at java.base/java.util.ArrayList.forEach(ArrayList.java:1511)
... Removed 26 stack frames]]>
    </failure>
  </testcase> <!-- downloadValidateDownloadableOrders -->
</testsuite> <!-- DownloadsFeature -->
