<?xml version="1.0" encoding="UTF-8"?>
<!-- Generated by org.testng.reporters.JUnitXMLReporter -->
<testsuite ignored="0" hostname="Z422" failures="1" tests="7" name="ForgotPasswordFeature" time="57.063" errors="0" timestamp="2023-01-09T15:39:04 IST">
  <testcase classname="com.opencart.testcase.TC038_FPresetpaswrdregistrdemailtest" name="forgotPasswordWithregisteredEmail" time="2.826">
    <failure type="java.lang.AssertionError" message="Unable To Test The Feature As The Email System Is Not Working">
      <![CDATA[java.lang.AssertionError: Unable To Test The Feature As The Email System Is Not Working
at com.opencart.testcase.TC038_FPresetpaswrdregistrdemailtest.forgotPasswordWithregisteredEmail(TC038_FPresetpaswrdregistrdemailtest.java:51)
at java.base/java.util.ArrayList.forEach(ArrayList.java:1511)
... Removed 26 stack frames]]>
    </failure>
  </testcase> <!-- forgotPasswordWithregisteredEmail -->
  <testcase classname="com.opencart.testcase.TC039_FPwithblankspacetest" name="forgotPasswordWithBlankEmailTextField" time="2.213"/>
  <testcase classname="com.opencart.testcase.TC040_FPinvalidunregemailidtest" name="forgotPasswordWithInvalidEmailId" time="2.715"/>
  <testcase classname="com.opencart.testcase.TC040_FPinvalidunregemailidtest" name="forgotPasswordWithInvalidEmailId" time="2.038"/>
  <testcase classname="com.opencart.testcase.TC040_FPinvalidunregemailidtest" name="forgotPasswordWithInvalidEmailId" time="1.857"/>
  <testcase classname="com.opencart.testcase.TC041_FPandnavigatebacktest" name="forgotPasswordAndNavigatingBack" time="1.555"/>
  <testcase classname="com.opencart.testcase.TC042_FPvalueattributetest" name="forgotPasswordCheckForValueAttribute" time="2.102"/>
</testsuite> <!-- ForgotPasswordFeature -->
