<html>
<head>
<title>TestNG:  LoginFunctionality</title>
<link href="../testng.css" rel="stylesheet" type="text/css" />
<link href="../my-testng.css" rel="stylesheet" type="text/css" />

<style type="text/css">
.log { display: none;} 
.stack-trace { display: none;} 
</style>
<script type="text/javascript">
<!--
function flip(e) {
  current = e.style.display;
  if (current == 'block') {
    e.style.display = 'none';
    return 0;
  }
  else {
    e.style.display = 'block';
    return 1;
  }
}

function toggleBox(szDivId, elem, msg1, msg2)
{
  var res = -1;  if (document.getElementById) {
    res = flip(document.getElementById(szDivId));
  }
  else if (document.all) {
    // this is the way old msie versions work
    res = flip(document.all[szDivId]);
  }
  if(elem) {
    if(res == 0) elem.innerHTML = msg1; else elem.innerHTML = msg2;
  }

}

function toggleAllBoxes() {
  if (document.getElementsByTagName) {
    d = document.getElementsByTagName('div');
    for (i = 0; i < d.length; i++) {
      if (d[i].className == 'log') {
        flip(d[i]);
      }
    }
  }
}

// -->
</script>

</head>
<body>
<h2 align='center'>LoginFunctionality</h2><table border='1' align="center">
<tr>
<td>Tests passed/Failed/Skipped:</td><td>17/2/0</td>
</tr><tr>
<td>Started on:</td><td>Tue Dec 27 14:41:22 IST 2022</td>
</tr>
<tr><td>Total time:</td><td>240 seconds (240301 ms)</td>
</tr><tr>
<td>Included groups:</td><td></td>
</tr><tr>
<td>Excluded groups:</td><td></td>
</tr>
</table><p/>
<small><i>(Hover the method name to see the test class name)</i></small><p/>
<table width='100%' border='1' class='invocation-failed'>
<tr><td colspan='4' align='center'><b>FAILED TESTS</b></td></tr>
<tr><td><b>Test method</b></td>
<td><b>Attribute(s)</b></td>
<td width="30%"><b>Exception</b></td>
<td width="10%"><b>Time (seconds)</b></td>
<td><b>Instance</b></td>
</tr>
<tr>
<td title='com.opencart.testcase.TC031_LFpaswrdinpagesouretest.loginForPasswordVisibiltyInPageSource()'><b>loginForPasswordVisibiltyInPageSource</b><br>Test class: com.opencart.testcase.TC031_LFpaswrdinpagesouretest<br>Parameters: 12345</td>
<td><div><pre>java.lang.AssertionError: null
	at com.opencart.testcase.TC031_LFpaswrdinpagesouretest.loginForPasswordVisibiltyInPageSource(TC031_LFpaswrdinpagesouretest.java:45)
	at java.base/java.util.ArrayList.forEach(ArrayList.java:1511)
... Removed 27 stack frames</pre></div><a href='#' onClick='toggleBox("stack-trace922266594", this, "Click to show all stack frames", "Click to hide stack frames")'>Click to show all stack frames</a>
<div class='stack-trace' id='stack-trace922266594'><pre>java.lang.AssertionError: null
	at org.testng.Assert.fail(Assert.java:110)
	at org.testng.Assert.fail(Assert.java:115)
	at com.opencart.testcase.TC031_LFpaswrdinpagesouretest.loginForPasswordVisibiltyInPageSource(TC031_LFpaswrdinpagesouretest.java:45)
	at java.base/jdk.internal.reflect.DirectMethodHandleAccessor.invoke(DirectMethodHandleAccessor.java:104)
	at java.base/java.lang.reflect.Method.invoke(Method.java:577)
	at org.testng.internal.invokers.MethodInvocationHelper.invokeMethod(MethodInvocationHelper.java:139)
	at org.testng.internal.invokers.TestInvoker.invokeMethod(TestInvoker.java:677)
	at org.testng.internal.invokers.TestInvoker.invokeTestMethod(TestInvoker.java:221)
	at org.testng.internal.invokers.MethodRunner.runInSequence(MethodRunner.java:50)
	at org.testng.internal.invokers.TestInvoker$MethodInvocationAgent.invoke(TestInvoker.java:969)
	at org.testng.internal.invokers.TestInvoker.invokeTestMethods(TestInvoker.java:194)
	at org.testng.internal.invokers.TestMethodWorker.invokeTestMethods(TestMethodWorker.java:148)
	at org.testng.internal.invokers.TestMethodWorker.run(TestMethodWorker.java:128)
	at java.base/java.util.ArrayList.forEach(ArrayList.java:1511)
	at org.testng.TestRunner.privateRun(TestRunner.java:829)
	at org.testng.TestRunner.run(TestRunner.java:602)
	at org.testng.SuiteRunner.runTest(SuiteRunner.java:437)
	at org.testng.SuiteRunner.runSequentially(SuiteRunner.java:431)
	at org.testng.SuiteRunner.privateRun(SuiteRunner.java:391)
	at org.testng.SuiteRunner.run(SuiteRunner.java:330)
	at org.testng.SuiteRunnerWorker.runSuite(SuiteRunnerWorker.java:52)
	at org.testng.SuiteRunnerWorker.run(SuiteRunnerWorker.java:95)
	at org.testng.TestNG.runSuitesSequentially(TestNG.java:1256)
	at org.testng.TestNG.runSuitesLocally(TestNG.java:1176)
	at org.testng.TestNG.runSuites(TestNG.java:1099)
	at org.testng.TestNG.run(TestNG.java:1067)
	at org.testng.remote.AbstractRemoteTestNG.run(AbstractRemoteTestNG.java:115)
	at org.testng.remote.RemoteTestNG.initAndRun(RemoteTestNG.java:251)
	at org.testng.remote.RemoteTestNG.main(RemoteTestNG.java:77)
</pre></div></td>
<td>1</td>
<td>com.opencart.testcase.TC031_LFpaswrdinpagesouretest@4bc28c33</td></tr>
<tr>
<td title='com.opencart.testcase.TC033_LFloginandbrowserexittest.loginWithValidCredentials()'><b>loginWithValidCredentials</b><br>Test class: com.opencart.testcase.TC033_LFloginandbrowserexittest<br>Parameters: Chrome,kishore8@gmail.com,12345</td>
<td><div><pre>java.lang.AssertionError: null
	at com.opencart.testcase.TC033_LFloginandbrowserexittest.loginWithValidCredentials(TC033_LFloginandbrowserexittest.java:69)
	at java.base/java.util.ArrayList.forEach(ArrayList.java:1511)
... Removed 27 stack frames</pre></div><a href='#' onClick='toggleBox("stack-trace1476592936", this, "Click to show all stack frames", "Click to hide stack frames")'>Click to show all stack frames</a>
<div class='stack-trace' id='stack-trace1476592936'><pre>java.lang.AssertionError: null
	at org.testng.Assert.fail(Assert.java:110)
	at org.testng.Assert.fail(Assert.java:115)
	at com.opencart.testcase.TC033_LFloginandbrowserexittest.loginWithValidCredentials(TC033_LFloginandbrowserexittest.java:69)
	at java.base/jdk.internal.reflect.DirectMethodHandleAccessor.invoke(DirectMethodHandleAccessor.java:104)
	at java.base/java.lang.reflect.Method.invoke(Method.java:577)
	at org.testng.internal.invokers.MethodInvocationHelper.invokeMethod(MethodInvocationHelper.java:139)
	at org.testng.internal.invokers.TestInvoker.invokeMethod(TestInvoker.java:677)
	at org.testng.internal.invokers.TestInvoker.invokeTestMethod(TestInvoker.java:221)
	at org.testng.internal.invokers.MethodRunner.runInSequence(MethodRunner.java:50)
	at org.testng.internal.invokers.TestInvoker$MethodInvocationAgent.invoke(TestInvoker.java:969)
	at org.testng.internal.invokers.TestInvoker.invokeTestMethods(TestInvoker.java:194)
	at org.testng.internal.invokers.TestMethodWorker.invokeTestMethods(TestMethodWorker.java:148)
	at org.testng.internal.invokers.TestMethodWorker.run(TestMethodWorker.java:128)
	at java.base/java.util.ArrayList.forEach(ArrayList.java:1511)
	at org.testng.TestRunner.privateRun(TestRunner.java:829)
	at org.testng.TestRunner.run(TestRunner.java:602)
	at org.testng.SuiteRunner.runTest(SuiteRunner.java:437)
	at org.testng.SuiteRunner.runSequentially(SuiteRunner.java:431)
	at org.testng.SuiteRunner.privateRun(SuiteRunner.java:391)
	at org.testng.SuiteRunner.run(SuiteRunner.java:330)
	at org.testng.SuiteRunnerWorker.runSuite(SuiteRunnerWorker.java:52)
	at org.testng.SuiteRunnerWorker.run(SuiteRunnerWorker.java:95)
	at org.testng.TestNG.runSuitesSequentially(TestNG.java:1256)
	at org.testng.TestNG.runSuitesLocally(TestNG.java:1176)
	at org.testng.TestNG.runSuites(TestNG.java:1099)
	at org.testng.TestNG.run(TestNG.java:1067)
	at org.testng.remote.AbstractRemoteTestNG.run(AbstractRemoteTestNG.java:115)
	at org.testng.remote.RemoteTestNG.initAndRun(RemoteTestNG.java:251)
	at org.testng.remote.RemoteTestNG.main(RemoteTestNG.java:77)
</pre></div></td>
<td>18</td>
<td>com.opencart.testcase.TC033_LFloginandbrowserexittest@5c153b9e</td></tr>
</table><p>
<table width='100%' border='1' class='invocation-passed'>
<tr><td colspan='4' align='center'><b>PASSED TESTS</b></td></tr>
<tr><td><b>Test method</b></td>
<td><b>Attribute(s)</b></td>
<td width="30%"><b>Exception</b></td>
<td width="10%"><b>Time (seconds)</b></td>
<td><b>Instance</b></td>
</tr>
<tr>
<td title='com.opencart.testcase.TC024_LFemptytextfieldtest.loginWithEmptyTextField()'><b>loginWithEmptyTextField</b><br>Test class: com.opencart.testcase.TC024_LFemptytextfieldtest<br>Parameters: {Runmode=Y, Email1=, ExpectedResult=Failure, Browser=Chrome, Password=}</td>
<td></td>
<td>1</td>
<td>com.opencart.testcase.TC024_LFemptytextfieldtest@18cebaa5</td></tr>
<tr>
<td title='com.opencart.testcase.TC030_logininvalidattempttest.loginWithUnsucessfullAttemps()'><b>loginWithUnsucessfullAttemps</b><br>Test class: com.opencart.testcase.TC030_logininvalidattempttest<br>Parameters: Chrome,akshaysnaik30@gmail.com,1111,Failure</td>
<td></td>
<td>1</td>
<td>com.opencart.testcase.TC030_logininvalidattempttest@1d0d6318</td></tr>
<tr>
<td title='com.opencart.testcase.TC030_logininvalidattempttest.loginWithUnsucessfullAttemps()'><b>loginWithUnsucessfullAttemps</b><br>Test class: com.opencart.testcase.TC030_logininvalidattempttest<br>Parameters: Chrome,akshaysnaik30@gmail.com,1111,success</td>
<td></td>
<td>12</td>
<td>com.opencart.testcase.TC030_logininvalidattempttest@1d0d6318</td></tr>
<tr>
<td title='com.opencart.testcase.TC028_LFloginandbrowsebacktest.loginAndBrowseBack()'><b>loginAndBrowseBack</b><br>Test class: com.opencart.testcase.TC028_LFloginandbrowsebacktest<br>Parameters: Chrome,kishore8@gmail.com,12345</td>
<td></td>
<td>3</td>
<td>com.opencart.testcase.TC028_LFloginandbrowsebacktest@f001896</td></tr>
<tr>
<td title='com.opencart.testcase.TC022_LFinvalidemailtest.loginInvalidEmailID()'><b>loginInvalidEmailID</b><br>Test class: com.opencart.testcase.TC022_LFinvalidemailtest<br>Parameters: Edge,cde123@gmail.com,12345</td>
<td></td>
<td>2</td>
<td>com.opencart.testcase.TC022_LFinvalidemailtest@7c098bb3</td></tr>
<tr>
<td title='com.opencart.testcase.TC030_logininvalidattempttest.loginWithUnsucessfullAttemps()'><b>loginWithUnsucessfullAttemps</b><br>Test class: com.opencart.testcase.TC030_logininvalidattempttest<br>Parameters: Chrome,akshaysnaik30@gmail.com,1111,success</td>
<td></td>
<td>11</td>
<td>com.opencart.testcase.TC030_logininvalidattempttest@1d0d6318</td></tr>
<tr>
<td title='com.opencart.testcase.TC026_LFkeyboardactiontest.loginByKeyboardActions()'><b>loginByKeyboardActions</b><br>Test class: com.opencart.testcase.TC026_LFkeyboardactiontest<br>Parameters: Chrome,kishore8@gmail.com,12345</td>
<td></td>
<td>2</td>
<td>com.opencart.testcase.TC026_LFkeyboardactiontest@765f05af</td></tr>
<tr>
<td title='com.opencart.testcase.TC027_LFloginplaceholdertest.logintestForPlacholder()'><b>logintestForPlacholder</b><br>Test class: com.opencart.testcase.TC027_LFloginplaceholdertest</td>
<td></td>
<td>1</td>
<td>com.opencart.testcase.TC027_LFloginplaceholdertest@62f68dff</td></tr>
<tr>
<td title='com.opencart.testcase.TC029_LFlogoutbrowserbacktest.loginAndLogoutBrowserBack()'><b>loginAndLogoutBrowserBack</b><br>Test class: com.opencart.testcase.TC029_LFlogoutbrowserbacktest<br>Parameters: {Runmode=Y, Email1=kishore8@gmail.com, ExpectedResult=Success, Browser=Chrome, Password=12345}</td>
<td></td>
<td>3</td>
<td>com.opencart.testcase.TC029_LFlogoutbrowserbacktest@13f17eb4</td></tr>
<tr>
<td title='com.opencart.testcase.TC023_LFinvalidpasswordtest.loginWithInvalidPassword()'><b>loginWithInvalidPassword</b><br>Test class: com.opencart.testcase.TC023_LFinvalidpasswordtest<br>Parameters: {Runmode=Y, Email1=akshaysnaik1111@gmail.com, ExpectedResult=Failure, Browser=Edge, Password=561234}</td>
<td></td>
<td>2</td>
<td>com.opencart.testcase.TC023_LFinvalidpasswordtest@31e4bb20</td></tr>
<tr>
<td title='com.opencart.testcase.TC025_LFforgatpasswordtest.logintestForForgottenPassword()'><b>logintestForForgottenPassword</b><br>Test class: com.opencart.testcase.TC025_LFforgatpasswordtest</td>
<td></td>
<td>1</td>
<td>com.opencart.testcase.TC025_LFforgatpasswordtest@463b4ac8</td></tr>
<tr>
<td title='com.opencart.testcase.TC030_logininvalidattempttest.loginWithUnsucessfullAttemps()'><b>loginWithUnsucessfullAttemps</b><br>Test class: com.opencart.testcase.TC030_logininvalidattempttest<br>Parameters: Chrome,akshaysnaik30@gmail.com,1111,success</td>
<td></td>
<td>11</td>
<td>com.opencart.testcase.TC030_logininvalidattempttest@1d0d6318</td></tr>
<tr>
<td title='com.opencart.testcase.TC032_LFrandomactivitytest.loginForRandomActivity()'><b>loginForRandomActivity</b><br>Test class: com.opencart.testcase.TC032_LFrandomactivitytest</td>
<td></td>
<td>4</td>
<td>com.opencart.testcase.TC032_LFrandomactivitytest@4409e975</td></tr>
<tr>
<td title='com.opencart.testcase.TC020_LFinvalidcredentialtest.loginWithInvalidCredentials()'><b>loginWithInvalidCredentials</b><br>Test class: com.opencart.testcase.TC020_LFinvalidcredentialtest<br>Parameters: {Runmode=Y, Email1=xyz123@gmail.com, ExpectedResult=Failure, Browser=Chrome, Password=561234}</td>
<td></td>
<td>1</td>
<td>com.opencart.testcase.TC020_LFinvalidcredentialtest@1ae67cad</td></tr>
<tr>
<td title='com.opencart.testcase.TC030_logininvalidattempttest.loginWithUnsucessfullAttemps()'><b>loginWithUnsucessfullAttemps</b><br>Test class: com.opencart.testcase.TC030_logininvalidattempttest<br>Parameters: Chrome,akshaysnaik30@gmail.com,1111,success</td>
<td></td>
<td>11</td>
<td>com.opencart.testcase.TC030_logininvalidattempttest@1d0d6318</td></tr>
<tr>
<td title='com.opencart.testcase.TC030_logininvalidattempttest.loginWithUnsucessfullAttemps()'><b>loginWithUnsucessfullAttemps</b><br>Test class: com.opencart.testcase.TC030_logininvalidattempttest<br>Parameters: Chrome,akshaysnaik30@gmail.com,1111,success</td>
<td></td>
<td>11</td>
<td>com.opencart.testcase.TC030_logininvalidattempttest@1d0d6318</td></tr>
<tr>
<td title='com.opencart.testcase.TC021_LFvalidcredentialtest.loginWithValidCredentials()'><b>loginWithValidCredentials</b><br>Test class: com.opencart.testcase.TC021_LFvalidcredentialtest<br>Parameters: Chrome,kishore8@gmail.com,12345</td>
<td></td>
<td>2</td>
<td>com.opencart.testcase.TC021_LFvalidcredentialtest@2f6e28bc</td></tr>
</table><p>
</body>
</html>