<?xml version="1.0" encoding="UTF-8"?>
<!-- Generated by org.testng.reporters.JUnitXMLReporter -->
<testsuite ignored="0" hostname="Z422" failures="3" tests="19" name="LoginFeature" time="314.032" errors="0" timestamp="2023-01-08T16:39:11 IST">
  <testcase classname="com.opencart.testcase.TC020_LFinvalidcredentialtest" name="loginWithInvalidCredentials" time="5.631"/>
  <testcase classname="com.opencart.testcase.TC021_LFvalidcredentialtest" name="loginWithValidCredentials" time="3.016"/>
  <testcase classname="com.opencart.testcase.TC022_LFinvalidemailtest" name="loginInvalidEmailID" time="2.291"/>
  <testcase classname="com.opencart.testcase.TC023_LFinvalidpasswordtest" name="loginWithInvalidPassword" time="2.591"/>
  <testcase classname="com.opencart.testcase.TC024_LFemptytextfieldtest" name="loginWithEmptyTextField" time="2.578"/>
  <testcase classname="com.opencart.testcase.TC025_LFforgatpasswordtest" name="logintestForForgottenPassword" time="1.699"/>
  <testcase classname="com.opencart.testcase.TC026_LFkeyboardactiontest" name="loginByKeyboardActions" time="2.38"/>
  <testcase classname="com.opencart.testcase.TC027_LFloginplaceholdertest" name="logintestForPlacholder" time="1.185"/>
  <testcase classname="com.opencart.testcase.TC028_LFloginandbrowsebacktest" name="loginAndBrowseBack" time="3.359"/>
  <testcase classname="com.opencart.testcase.TC029_LFlogoutbrowserbacktest" name="loginAndLogoutBrowserBack" time="3.797"/>
  <testcase classname="com.opencart.testcase.TC030_LFlogininvalidattempttest" name="loginWithUnsucessfullAttemps" time="12.462"/>
  <testcase classname="com.opencart.testcase.TC030_LFlogininvalidattempttest" name="loginWithUnsucessfullAttemps" time="12.133"/>
  <testcase classname="com.opencart.testcase.TC030_LFlogininvalidattempttest" name="loginWithUnsucessfullAttemps" time="12.221"/>
  <testcase classname="com.opencart.testcase.TC030_LFlogininvalidattempttest" name="loginWithUnsucessfullAttemps" time="12.272"/>
  <testcase classname="com.opencart.testcase.TC030_LFlogininvalidattempttest" name="loginWithUnsucessfullAttemps" time="11.967"/>
  <testcase classname="com.opencart.testcase.TC030_LFlogininvalidattempttest" name="loginWithUnsucessfullAttemps" time="11.896">
    <failure type="java.lang.AssertionError" message="expected [true] but found [false]">
      <![CDATA[java.lang.AssertionError: expected [true] but found [false]
at com.opencart.testcase.TC030_LFlogininvalidattempttest.loginWithUnsucessfullAttemps(TC030_LFlogininvalidattempttest.java:73)
at java.base/java.util.ArrayList.forEach(ArrayList.java:1511)
... Removed 31 stack frames]]>
    </failure>
  </testcase> <!-- loginWithUnsucessfullAttemps -->
  <testcase classname="com.opencart.testcase.TC031_LFpaswrdinpagesouretest" name="loginForPasswordVisibiltyInPageSource" time="1.825">
    <failure type="java.lang.AssertionError" message="expected [true] but found [false]">
      <![CDATA[java.lang.AssertionError: expected [true] but found [false]
at com.opencart.testcase.TC031_LFpaswrdinpagesouretest.loginForPasswordVisibiltyInPageSource(TC031_LFpaswrdinpagesouretest.java:38)
at java.base/java.util.ArrayList.forEach(ArrayList.java:1511)
... Removed 29 stack frames]]>
    </failure>
  </testcase> <!-- loginForPasswordVisibiltyInPageSource -->
  <testcase classname="com.opencart.testcase.TC032_LFrandomactivitytest" name="loginForRandomActivity" time="4.099"/>
  <testcase classname="com.opencart.testcase.TC033_LFloginandbrowserexittest" name="loginAndExitBrowser" time="30.745">
    <failure type="java.lang.AssertionError" message="null">
      <![CDATA[java.lang.AssertionError: null
at com.opencart.testcase.TC033_LFloginandbrowserexittest.loginAndExitBrowser(TC033_LFloginandbrowserexittest.java:70)
at java.base/java.util.ArrayList.forEach(ArrayList.java:1511)
... Removed 27 stack frames]]>
    </failure>
  </testcase> <!-- loginAndExitBrowser -->
</testsuite> <!-- LoginFeature -->
