<?xml version="1.0" encoding="UTF-8"?>
<!-- Generated by org.testng.reporters.JUnitXMLReporter -->
<testsuite ignored="0" hostname="Z422" failures="2" tests="11" name="ProductCompareFeature" time="218.131" errors="0" timestamp="2023-01-08T20:50:55 IST">
  <testcase classname="com.opencart.testcase.TC059_PCfromdisplaypagetest" name="productCompareInDisplayPage" time="14.792"/>
  <testcase classname="com.opencart.testcase.TC060_PCbylistviewtest" name="productCompareByListView" time="16.908"/>
  <testcase classname="com.opencart.testcase.TC061_PCbygridviewtest" name="productCompareByGridView" time="2.858">
    <failure type="java.lang.AssertionError" message="expected [Product Comparison] but found [Search - iMac]">
      <![CDATA[java.lang.AssertionError: expected [Product Comparison] but found [Search - iMac]
at com.opencart.testcase.TC061_PCbygridviewtest.productCompareByGridView(TC061_PCbygridviewtest.java:50)
at java.base/java.util.ArrayList.forEach(ArrayList.java:1511)
... Removed 31 stack frames]]>
    </failure>
  </testcase> <!-- productCompareByGridView -->
  <testcase classname="com.opencart.testcase.TC062_PCsubcategorytest" name="productCompareBySubCategory" time="3.914"/>
  <testcase classname="com.opencart.testcase.TC063_PCsubcatgrygridtest" name="productCompareBySubCategoryGridView" time="3.58"/>
  <testcase classname="com.opencart.testcase.TC065_PCfromhomepagetest" name="productCompareFromHomePage" time="1.851">
    <failure type="org.openqa.selenium.ElementClickInterceptedException" message="element click intercepted: Element &amp;lt;a href=&amp;quot;http://tutorialsninja.com/demo/index.php?route=product/compare&amp;quot;&amp;gt;...&amp;lt;/a&amp;gt; is not clickable at point (461, 8). Other element would receive the click: &amp;lt;div class=&amp;quot;container&amp;quot;&amp;gt;...&amp;lt;/div&amp;gt;
  (Session info: chrome=108.0.5359.125)
Build info: version: &amp;apos;4.6.0&amp;apos;, revision: &amp;apos;79f1c02ae20&amp;apos;
System info: os.name: &amp;apos;Windows 10&amp;apos;, os.arch: &amp;apos;amd64&amp;apos;, os.version: &amp;apos;10.0&amp;apos;, java.version: &amp;apos;18.0.2&amp;apos;
Driver info: org.openqa.selenium.chrome.ChromeDriver
Command: [890f8b39ddba4d5db2a6c1fbaa436ddf, clickElement {id=b110b6df-67c3-44ea-8bab-6b66d9b86eaf}]
Capabilities {acceptInsecureCerts: false, browserName: chrome, browserVersion: 108.0.5359.125, chrome: {chromedriverVersion: 108.0.5359.71 (1e0e3868ee06..., userDataDir: C:\Users\User\AppData\Local...}, goog:chromeOptions: {debuggerAddress: localhost:51159}, networkConnectionEnabled: false, pageLoadStrategy: normal, platformName: WINDOWS, proxy: Proxy(), se:cdp: ws://localhost:51159/devtoo..., se:cdpVersion: 108.0.5359.125, setWindowRect: true, strictFileInteractability: false, timeouts: {implicit: 0, pageLoad: 300000, script: 30000}, unhandledPromptBehavior: dismiss and notify, webauthn:extension:credBlob: true, webauthn:extension:largeBlob: true, webauthn:virtualAuthenticators: true}
Element: [[ChromeDriver: chrome on WINDOWS (890f8b39ddba4d5db2a6c1fbaa436ddf)] -&amp;gt; link text: product comparison]
Session ID: 890f8b39ddba4d5db2a6c1fbaa436ddf">
      <![CDATA[org.openqa.selenium.ElementClickInterceptedException: element click intercepted: Element <a href="http://tutorialsninja.com/demo/index.php?route=product/compare">...</a> is not clickable at point (461, 8). Other element would receive the click: <div class="container">...</div>
  (Session info: chrome=108.0.5359.125)
Build info: version: '4.6.0', revision: '79f1c02ae20'
System info: os.name: 'Windows 10', os.arch: 'amd64', os.version: '10.0', java.version: '18.0.2'
Driver info: org.openqa.selenium.chrome.ChromeDriver
Command: [890f8b39ddba4d5db2a6c1fbaa436ddf, clickElement {id=b110b6df-67c3-44ea-8bab-6b66d9b86eaf}]
Capabilities {acceptInsecureCerts: false, browserName: chrome, browserVersion: 108.0.5359.125, chrome: {chromedriverVersion: 108.0.5359.71 (1e0e3868ee06..., userDataDir: C:\Users\User\AppData\Local...}, goog:chromeOptions: {debuggerAddress: localhost:51159}, networkConnectionEnabled: false, pageLoadStrategy: normal, platformName: WINDOWS, proxy: Proxy(), se:cdp: ws://localhost:51159/devtoo..., se:cdpVersion: 108.0.5359.125, setWindowRect: true, strictFileInteractability: false, timeouts: {implicit: 0, pageLoad: 300000, script: 30000}, unhandledPromptBehavior: dismiss and notify, webauthn:extension:credBlob: true, webauthn:extension:largeBlob: true, webauthn:virtualAuthenticators: true}
Element: [[ChromeDriver: chrome on WINDOWS (890f8b39ddba4d5db2a6c1fbaa436ddf)] -> link text: product comparison]
Session ID: 890f8b39ddba4d5db2a6c1fbaa436ddf
at org.openqa.selenium.remote.codec.w3c.W3CHttpResponseCodec.createException(W3CHttpResponseCodec.java:200)
at org.openqa.selenium.remote.codec.w3c.W3CHttpResponseCodec.decode(W3CHttpResponseCodec.java:133)
at org.openqa.selenium.remote.codec.w3c.W3CHttpResponseCodec.decode(W3CHttpResponseCodec.java:53)
at org.openqa.selenium.remote.HttpCommandExecutor.execute(HttpCommandExecutor.java:184)
at org.openqa.selenium.remote.service.DriverCommandExecutor.invokeExecute(DriverCommandExecutor.java:167)
at org.openqa.selenium.remote.service.DriverCommandExecutor.execute(DriverCommandExecutor.java:142)
at org.openqa.selenium.remote.RemoteWebDriver.execute(RemoteWebDriver.java:541)
at org.openqa.selenium.remote.RemoteWebElement.execute(RemoteWebElement.java:257)
at org.openqa.selenium.remote.RemoteWebElement.click(RemoteWebElement.java:78)
at org.openqa.selenium.support.pagefactory.internal.LocatingElementHandler.invoke(LocatingElementHandler.java:52)
at jdk.proxy2/jdk.proxy2.$Proxy33.click(Unknown Source)
at com.opencart.pageobject.Homepage.clickOnProductCompareLink(Homepage.java:360)
at com.opencart.testcase.TC065_PCfromhomepagetest.productCompareFromHomePage(TC065_PCfromhomepagetest.java:25)
at java.base/java.util.ArrayList.forEach(ArrayList.java:1511)
... Removed 30 stack frames]]>
    </failure>
  </testcase> <!-- productCompareFromHomePage -->
  <testcase classname="com.opencart.testcase.TC066_PCproductcomparetest" name="productCompareWithCampareLink" time="1.92"/>
  <testcase classname="com.opencart.testcase.TC067_PCproductcomparehometest" name="productCompareByHomePageCompareTest" time="2.154"/>
  <testcase classname="com.opencart.testcase.TC068_PCnavigatehometest" name="productCompareAndNavigateHomePage" time="2.622"/>
  <testcase classname="com.opencart.testcase.TC069_PCtwoproducttest" name="productCompareByOneProductAdded" time="4.991"/>
  <testcase classname="com.opencart.testcase.TC070_PCremovefrompctest" name="productCompareRemovingFromComparePage" time="4.495"/>
</testsuite> <!-- ProductCompareFeature -->
