<?xml version="1.0" encoding="UTF-8"?>
<!-- Generated by org.testng.reporters.JUnitXMLReporter -->
<testsuite ignored="0" hostname="Z422" failures="1" tests="3" name="RecurringPaymentFeature" time="28.234" errors="0" timestamp="2023-01-09T16:03:13 IST">
  <testcase classname="com.opencart.testcase.TC134_RPnavigationtest" name="recurringPaymentPageNavigation" time="3.896"/>
  <testcase classname="com.opencart.testcase.TC135_RPbeforelogintest" name="recurringPaymentPageNavigation" time="4.4"/>
  <testcase classname="com.opencart.testcase.TC136_RPproductpaymenttest" name="recurringPaymentMakingPayment" time="2.945">
    <failure type="java.lang.AssertionError" message="There Is No Functionality In The Application For Doing Recurring Payments">
      <![CDATA[java.lang.AssertionError: There Is No Functionality In The Application For Doing Recurring Payments
at com.opencart.testcase.TC136_RPproductpaymenttest.recurringPaymentMakingPayment(TC136_RPproductpaymenttest.java:56)
at java.base/java.util.ArrayList.forEach(ArrayList.java:1511)
... Removed 26 stack frames]]>
    </failure>
  </testcase> <!-- recurringPaymentMakingPayment -->
</testsuite> <!-- RecurringPaymentFeature -->
