<?xml version="1.0" encoding="UTF-8"?>
<!-- Generated by org.testng.reporters.JUnitXMLReporter -->
<testsuite ignored="0" hostname="Z422" failures="4" tests="28" name="Register Functionality" time="525.123" errors="0" timestamp="2022-12-27T14:55:45 IST">
  <testcase classname="com.opencart.datadriven.TC01_DDRegisterFunctionTest" name="registeringWithAllFileds" time="15.923"/>
  <testcase classname="com.opencart.datadriven.TC01_DDRegisterFunctionTest" name="registeringWithAllFileds" time="28.113"/>
  <testcase classname="com.opencart.datadriven.TC01_DDRegisterFunctionTest" name="registeringWithAllFileds" time="46.399"/>
  <testcase classname="com.opencart.datadriven.TC01_DDRegisterFunctionTest" name="registeringWithAllFileds" time="13.76"/>
  <testcase classname="com.opencart.datadriven.TC01_DDRegisterFunctionTest" name="registeringWithAllFileds" time="13.867"/>
  <testcase classname="com.opencart.datadriven.TC01_DDRegisterFunctionTest" name="registeringWithAllFileds" time="14.792"/>
  <testcase classname="com.opencart.datadriven.TC01_DDRegisterFunctionTest" name="registeringWithAllFileds" time="20.221">
    <failure type="java.lang.AssertionError" message="expected [true] but found [false]">
      <![CDATA[java.lang.AssertionError: expected [true] but found [false]
at com.opencart.datadriven.TC01_DDRegisterFunctionTest.registeringWithAllFileds(TC01_DDRegisterFunctionTest.java:101)
at java.base/java.util.ArrayList.forEach(ArrayList.java:1511)
... Removed 31 stack frames]]>
    </failure>
  </testcase> <!-- registeringWithAllFileds -->
  <testcase classname="com.opencart.datadriven.TC01_DDRegisterFunctionTest" name="registeringWithAllFileds" time="24.56"/>
  <testcase classname="com.opencart.datadriven.TC01_DDRegisterFunctionTest" name="registeringWithAllFileds" time="14.851"/>
  <testcase classname="com.opencart.datadriven.TC01_DDRegisterFunctionTest" name="registeringWithAllFileds" time="15.968"/>
  <testcase classname="com.opencart.datadriven.TC01_DDRegisterFunctionTest" name="registeringWithAllFileds" time="35.026">
    <failure type="java.lang.AssertionError" message="expected [true] but found [false]">
      <![CDATA[java.lang.AssertionError: expected [true] but found [false]
at com.opencart.datadriven.TC01_DDRegisterFunctionTest.registeringWithAllFileds(TC01_DDRegisterFunctionTest.java:101)
at java.base/java.util.ArrayList.forEach(ArrayList.java:1511)
... Removed 31 stack frames]]>
    </failure>
  </testcase> <!-- registeringWithAllFileds -->
  <testcase classname="com.opencart.datadriven.TC01_DDRegisterFunctionTest" name="registeringWithAllFileds" time="17.182">
    <failure type="java.lang.AssertionError" message="expected [true] but found [false]">
      <![CDATA[java.lang.AssertionError: expected [true] but found [false]
at com.opencart.datadriven.TC01_DDRegisterFunctionTest.registeringWithAllFileds(TC01_DDRegisterFunctionTest.java:101)
at java.base/java.util.ArrayList.forEach(ArrayList.java:1511)
... Removed 31 stack frames]]>
    </failure>
  </testcase> <!-- registeringWithAllFileds -->
  <testcase classname="com.opencart.datadriven.TC01_DDRegisterFunctionTest" name="registeringWithAllFileds" time="18.918"/>
  <testcase classname="com.opencart.datadriven.TC01_DDRegisterFunctionTest" name="registeringWithAllFileds" time="9.605"/>
  <testcase classname="com.opencart.datadriven.TC02_DDLoginFunctionTest" name="loginWithValidCredentials" time="7.992"/>
  <testcase classname="com.opencart.datadriven.TC02_DDLoginFunctionTest" name="loginWithValidCredentials" time="9.224"/>
  <testcase classname="com.opencart.datadriven.TC02_DDLoginFunctionTest" name="loginWithValidCredentials" time="42.39"/>
  <testcase classname="com.opencart.datadriven.TC02_DDLoginFunctionTest" name="loginWithValidCredentials" time="12.311"/>
  <testcase classname="com.opencart.datadriven.TC02_DDLoginFunctionTest" name="loginWithValidCredentials" time="12.106"/>
  <testcase classname="com.opencart.datadriven.TC02_DDLoginFunctionTest" name="loginWithValidCredentials" time="14.279"/>
  <testcase classname="com.opencart.datadriven.TC02_DDLoginFunctionTest" name="loginWithValidCredentials" time="13.59"/>
  <testcase classname="com.opencart.datadriven.TC02_DDLoginFunctionTest" name="loginWithValidCredentials" time="12.342"/>
  <testcase classname="com.opencart.datadriven.TC02_DDLoginFunctionTest" name="loginWithValidCredentials" time="9.326"/>
  <testcase classname="com.opencart.datadriven.TC02_DDLoginFunctionTest" name="loginWithValidCredentials" time="10.026"/>
  <testcase classname="com.opencart.datadriven.TC02_DDLoginFunctionTest" name="loginWithValidCredentials" time="14.332">
    <failure type="java.lang.AssertionError" message="expected [true] but found [false]">
      <![CDATA[java.lang.AssertionError: expected [true] but found [false]
at com.opencart.datadriven.TC02_DDLoginFunctionTest.loginWithValidCredentials(TC02_DDLoginFunctionTest.java:87)
at java.base/java.util.ArrayList.forEach(ArrayList.java:1511)
... Removed 31 stack frames]]>
    </failure>
  </testcase> <!-- loginWithValidCredentials -->
  <testcase classname="com.opencart.datadriven.TC02_DDLoginFunctionTest" name="loginWithValidCredentials" time="13.525"/>
  <testcase classname="com.opencart.datadriven.TC02_DDLoginFunctionTest" name="loginWithValidCredentials" time="10.215"/>
  <testcase classname="com.opencart.datadriven.TC02_DDLoginFunctionTest" name="loginWithValidCredentials" time="8.953"/>
</testsuite> <!-- Register Functionality -->
