<?xml version="1.0" encoding="UTF-8"?>
<!-- Generated by org.testng.reporters.JUnitXMLReporter -->
<testsuite ignored="0" hostname="Z422" failures="4" tests="21" name="RegisterFunctionality" time="438.0" errors="0" timestamp="2022-12-27T14:41:22 IST">
  <testcase classname="com.opencart.testcase.TC001_RFmndtrydatatest" name="registeringWithMandatoryField" time="6.902"/>
  <testcase classname="com.opencart.testcase.TC003_RFallfielddatatest" name="registeringWithAllFileds" time="14.871"/>
  <testcase classname="com.opencart.testcase.TC004_RFwithoutdatatest" name="registeringwithoutAnyDataInFields" time="2.338"/>
  <testcase classname="com.opencart.testcase.TC005_RFnewsletterfieldtest" name="registeringWithNewsLetter" time="5.206"/>
  <testcase classname="com.opencart.testcase.TC006_RFnewletternotest" name="registeringWithNewsLetterAsNoOption" time="14.612"/>
  <testcase classname="com.opencart.testcase.TC007_RFnavigatingtoregistertest" name="registeringWithNewsLetterAsNoOption" time="13.506"/>
  <testcase classname="com.opencart.testcase.TC008_RFdifferentpasswordtest" name="registeringWithDifferentPassword" time="0.0">
    <failure type="java.lang.RuntimeException" message="java.lang.NullPointerException: Cannot invoke &amp;quot;org.json.simple.JSONArray.size()&amp;quot; because &amp;quot;jsonarray&amp;quot; is null">
      <![CDATA[java.lang.RuntimeException: java.lang.NullPointerException: Cannot invoke "org.json.simple.JSONArray.size()" because "jsonarray" is null
at java.base/java.util.ArrayList.forEach(ArrayList.java:1511)
Caused by: java.lang.NullPointerException: Cannot invoke "org.json.simple.JSONArray.size()" because "jsonarray" is null
at com.opencart.testcase.TC008_RFdifferentpasswordtest.dataSupplier(TC008_RFdifferentpasswordtest.java:78)
... 25 more
... Removed 30 stack frames]]>
    </failure>
  </testcase> <!-- registeringWithDifferentPassword -->
  <testcase classname="com.opencart.testcase.TC009_RFexistingemailtest" name="registeringWithDifferentPassword" time="19.046">
    <failure type="org.openqa.selenium.NoSuchElementException" message="no such element: Unable to locate element: {&amp;quot;method&amp;quot;:&amp;quot;xpath&amp;quot;,&amp;quot;selector&amp;quot;:&amp;quot;//*[@id=&amp;apos;account-register&amp;apos;]/div[1]&amp;quot;}
  (Session info: chrome=108.0.5359.125)
For documentation on this error, please visit: https://selenium.dev/exceptions/#no_such_element
Build info: version: &amp;apos;4.6.0&amp;apos;, revision: &amp;apos;79f1c02ae20&amp;apos;
System info: os.name: &amp;apos;Windows 10&amp;apos;, os.arch: &amp;apos;amd64&amp;apos;, os.version: &amp;apos;10.0&amp;apos;, java.version: &amp;apos;18.0.2&amp;apos;
Driver info: org.openqa.selenium.chrome.ChromeDriver
Command: [4674933b1631b3fa000892d14c07141f, findElement {using=xpath, value=//*[@id=&amp;apos;account-register&amp;apos;]/div[1]}]
Capabilities {acceptInsecureCerts: false, browserName: chrome, browserVersion: 108.0.5359.125, chrome: {chromedriverVersion: 108.0.5359.71 (1e0e3868ee06..., userDataDir: C:\Users\User\AppData\Local...}, goog:chromeOptions: {debuggerAddress: localhost:50533}, networkConnectionEnabled: false, pageLoadStrategy: normal, platformName: WINDOWS, proxy: Proxy(), se:cdp: ws://localhost:50533/devtoo..., se:cdpVersion: 108.0.5359.125, setWindowRect: true, strictFileInteractability: false, timeouts: {implicit: 0, pageLoad: 300000, script: 30000}, unhandledPromptBehavior: dismiss and notify, webauthn:extension:credBlob: true, webauthn:extension:largeBlob: true, webauthn:virtualAuthenticators: true}
Session ID: 4674933b1631b3fa000892d14c07141f">
      <![CDATA[org.openqa.selenium.NoSuchElementException: no such element: Unable to locate element: {"method":"xpath","selector":"//*[@id='account-register']/div[1]"}
  (Session info: chrome=108.0.5359.125)
For documentation on this error, please visit: https://selenium.dev/exceptions/#no_such_element
Build info: version: '4.6.0', revision: '79f1c02ae20'
System info: os.name: 'Windows 10', os.arch: 'amd64', os.version: '10.0', java.version: '18.0.2'
Driver info: org.openqa.selenium.chrome.ChromeDriver
Command: [4674933b1631b3fa000892d14c07141f, findElement {using=xpath, value=//*[@id='account-register']/div[1]}]
Capabilities {acceptInsecureCerts: false, browserName: chrome, browserVersion: 108.0.5359.125, chrome: {chromedriverVersion: 108.0.5359.71 (1e0e3868ee06..., userDataDir: C:\Users\User\AppData\Local...}, goog:chromeOptions: {debuggerAddress: localhost:50533}, networkConnectionEnabled: false, pageLoadStrategy: normal, platformName: WINDOWS, proxy: Proxy(), se:cdp: ws://localhost:50533/devtoo..., se:cdpVersion: 108.0.5359.125, setWindowRect: true, strictFileInteractability: false, timeouts: {implicit: 0, pageLoad: 300000, script: 30000}, unhandledPromptBehavior: dismiss and notify, webauthn:extension:credBlob: true, webauthn:extension:largeBlob: true, webauthn:virtualAuthenticators: true}
Session ID: 4674933b1631b3fa000892d14c07141f
at org.openqa.selenium.remote.codec.w3c.W3CHttpResponseCodec.createException(W3CHttpResponseCodec.java:200)
at org.openqa.selenium.remote.codec.w3c.W3CHttpResponseCodec.decode(W3CHttpResponseCodec.java:133)
at org.openqa.selenium.remote.codec.w3c.W3CHttpResponseCodec.decode(W3CHttpResponseCodec.java:53)
at org.openqa.selenium.remote.HttpCommandExecutor.execute(HttpCommandExecutor.java:184)
at org.openqa.selenium.remote.service.DriverCommandExecutor.invokeExecute(DriverCommandExecutor.java:167)
at org.openqa.selenium.remote.service.DriverCommandExecutor.execute(DriverCommandExecutor.java:142)
at org.openqa.selenium.remote.RemoteWebDriver.execute(RemoteWebDriver.java:541)
at org.openqa.selenium.remote.ElementLocation$ElementFinder$2.findElement(ElementLocation.java:162)
at org.openqa.selenium.remote.ElementLocation.findElement(ElementLocation.java:60)
at org.openqa.selenium.remote.RemoteWebDriver.findElement(RemoteWebDriver.java:365)
at org.openqa.selenium.remote.RemoteWebDriver.findElement(RemoteWebDriver.java:357)
at org.openqa.selenium.support.pagefactory.DefaultElementLocator.findElement(DefaultElementLocator.java:70)
at org.openqa.selenium.support.pagefactory.internal.LocatingElementHandler.invoke(LocatingElementHandler.java:39)
at jdk.proxy2/jdk.proxy2.$Proxy33.isDisplayed(Unknown Source)
at com.opencart.pageobject.Registerationpage.isDisplayedWarnForAlredyRegisteredEmail(Registerationpage.java:160)
at com.opencart.testcase.TC009_RFexistingemailtest.registeringWithDifferentPassword(TC009_RFexistingemailtest.java:43)
at java.base/java.util.ArrayList.forEach(ArrayList.java:1511)
... Removed 28 stack frames]]>
    </failure>
  </testcase> <!-- registeringWithDifferentPassword -->
  <testcase classname="com.opencart.testcase.TC010_RFinvalidemailtest" name="registrationWithInvalidEmail" time="14.362"/>
  <testcase classname="com.opencart.testcase.TC010_RFinvalidemailtest" name="registrationWithInvalidEmail" time="14.123"/>
  <testcase classname="com.opencart.testcase.TC010_RFinvalidemailtest" name="registrationWithInvalidEmail" time="7.882"/>
  <testcase classname="com.opencart.testcase.TC011_RFinvalidphonenumtest" name="registeringWithInvalidPhoneNumber" time="3.609"/>
  <testcase classname="com.opencart.testcase.TC011_RFinvalidphonenumtest" name="registeringWithInvalidPhoneNumber" time="2.692">
    <failure type="java.lang.AssertionError" message="expected [Register Account] but found [Your Account Has Been Created!]">
      <![CDATA[java.lang.AssertionError: expected [Register Account] but found [Your Account Has Been Created!]
at com.opencart.testcase.TC011_RFinvalidphonenumtest.registeringWithInvalidPhoneNumber(TC011_RFinvalidphonenumtest.java:46)
at java.base/java.util.ArrayList.forEach(ArrayList.java:1511)
... Removed 31 stack frames]]>
    </failure>
  </testcase> <!-- registeringWithInvalidPhoneNumber -->
  <testcase classname="com.opencart.testcase.TC012_RFkeyboardactiontest" name="registeringWithKeyboardActions" time="4.878"/>
  <testcase classname="com.opencart.testcase.TC013_RFplaceholdertest" name="resgistringtestForPlaceholder" time="1.437"/>
  <testcase classname="com.opencart.testcase.TC014_RFleadtrailspacetest" name="registratingWithOnlyEmptySpaces" time="4.971"/>
  <testcase classname="com.opencart.testcase.TC015_RFemptyspacejsontest" name="registartionWithEmptySpaceByJSON" time="13.421">
    <failure type="org.openqa.selenium.NoSuchElementException" message="no such element: Unable to locate element: {&amp;quot;method&amp;quot;:&amp;quot;xpath&amp;quot;,&amp;quot;selector&amp;quot;:&amp;quot;//*[@id=&amp;apos;account&amp;apos;]/div[5]/div/div&amp;quot;}
  (Session info: chrome=108.0.5359.125)
For documentation on this error, please visit: https://selenium.dev/exceptions/#no_such_element
Build info: version: &amp;apos;4.6.0&amp;apos;, revision: &amp;apos;79f1c02ae20&amp;apos;
System info: os.name: &amp;apos;Windows 10&amp;apos;, os.arch: &amp;apos;amd64&amp;apos;, os.version: &amp;apos;10.0&amp;apos;, java.version: &amp;apos;18.0.2&amp;apos;
Driver info: org.openqa.selenium.chrome.ChromeDriver
Command: [e2680c015316bdfe3d958fccd8907526, findElement {using=xpath, value=//*[@id=&amp;apos;account&amp;apos;]/div[5]/div/div}]
Capabilities {acceptInsecureCerts: false, browserName: chrome, browserVersion: 108.0.5359.125, chrome: {chromedriverVersion: 108.0.5359.71 (1e0e3868ee06..., userDataDir: C:\Users\User\AppData\Local...}, goog:chromeOptions: {debuggerAddress: localhost:50862}, networkConnectionEnabled: false, pageLoadStrategy: normal, platformName: WINDOWS, proxy: Proxy(), se:cdp: ws://localhost:50862/devtoo..., se:cdpVersion: 108.0.5359.125, setWindowRect: true, strictFileInteractability: false, timeouts: {implicit: 0, pageLoad: 300000, script: 30000}, unhandledPromptBehavior: dismiss and notify, webauthn:extension:credBlob: true, webauthn:extension:largeBlob: true, webauthn:virtualAuthenticators: true}
Session ID: e2680c015316bdfe3d958fccd8907526">
      <![CDATA[org.openqa.selenium.NoSuchElementException: no such element: Unable to locate element: {"method":"xpath","selector":"//*[@id='account']/div[5]/div/div"}
  (Session info: chrome=108.0.5359.125)
For documentation on this error, please visit: https://selenium.dev/exceptions/#no_such_element
Build info: version: '4.6.0', revision: '79f1c02ae20'
System info: os.name: 'Windows 10', os.arch: 'amd64', os.version: '10.0', java.version: '18.0.2'
Driver info: org.openqa.selenium.chrome.ChromeDriver
Command: [e2680c015316bdfe3d958fccd8907526, findElement {using=xpath, value=//*[@id='account']/div[5]/div/div}]
Capabilities {acceptInsecureCerts: false, browserName: chrome, browserVersion: 108.0.5359.125, chrome: {chromedriverVersion: 108.0.5359.71 (1e0e3868ee06..., userDataDir: C:\Users\User\AppData\Local...}, goog:chromeOptions: {debuggerAddress: localhost:50862}, networkConnectionEnabled: false, pageLoadStrategy: normal, platformName: WINDOWS, proxy: Proxy(), se:cdp: ws://localhost:50862/devtoo..., se:cdpVersion: 108.0.5359.125, setWindowRect: true, strictFileInteractability: false, timeouts: {implicit: 0, pageLoad: 300000, script: 30000}, unhandledPromptBehavior: dismiss and notify, webauthn:extension:credBlob: true, webauthn:extension:largeBlob: true, webauthn:virtualAuthenticators: true}
Session ID: e2680c015316bdfe3d958fccd8907526
at org.openqa.selenium.remote.codec.w3c.W3CHttpResponseCodec.createException(W3CHttpResponseCodec.java:200)
at org.openqa.selenium.remote.codec.w3c.W3CHttpResponseCodec.decode(W3CHttpResponseCodec.java:133)
at org.openqa.selenium.remote.codec.w3c.W3CHttpResponseCodec.decode(W3CHttpResponseCodec.java:53)
at org.openqa.selenium.remote.HttpCommandExecutor.execute(HttpCommandExecutor.java:184)
at org.openqa.selenium.remote.service.DriverCommandExecutor.invokeExecute(DriverCommandExecutor.java:167)
at org.openqa.selenium.remote.service.DriverCommandExecutor.execute(DriverCommandExecutor.java:142)
at org.openqa.selenium.remote.RemoteWebDriver.execute(RemoteWebDriver.java:541)
at org.openqa.selenium.remote.ElementLocation$ElementFinder$2.findElement(ElementLocation.java:162)
at org.openqa.selenium.remote.ElementLocation.findElement(ElementLocation.java:60)
at org.openqa.selenium.remote.RemoteWebDriver.findElement(RemoteWebDriver.java:365)
at org.openqa.selenium.remote.RemoteWebDriver.findElement(RemoteWebDriver.java:357)
at org.openqa.selenium.support.pagefactory.DefaultElementLocator.findElement(DefaultElementLocator.java:70)
at org.openqa.selenium.support.pagefactory.internal.LocatingElementHandler.invoke(LocatingElementHandler.java:39)
at jdk.proxy2/jdk.proxy2.$Proxy33.isDisplayed(Unknown Source)
at com.opencart.pageobject.Registerationpage.isDisplayedWarnTelephonemsg(Registerationpage.java:205)
at com.opencart.testcase.TC015_RFemptyspacejsontest.registartionWithEmptySpaceByJSON(TC015_RFemptyspacejsontest.java:55)
at java.base/java.util.ArrayList.forEach(ArrayList.java:1511)
... Removed 28 stack frames]]>
    </failure>
  </testcase> <!-- registartionWithEmptySpaceByJSON -->
  <testcase classname="com.opencart.testcase.TC016_RFprivercypolicytest" name="registartiontestForPrivercyPolicy" time="1.314"/>
  <testcase classname="com.opencart.testcase.TC017_RFpasswordtest" name="registrationWithPassAndEmptyPass" time="4.091"/>
  <testcase classname="com.opencart.testcase.TC018_RFhightwidthtest" name="registrationTextfieldsize" time="1.478"/>
  <testcase classname="com.opencart.testcase.TC019_RFrandomactivitytest" name="registrationRandomActivity" time="1.702"/>
</testsuite> <!-- RegisterFunctionality -->
