<?xml version="1.0" encoding="UTF-8"?>
<!-- Generated by org.testng.reporters.JUnitXMLReporter -->
<testsuite ignored="0" hostname="Z422" failures="2" tests="16" name="SearchFeature" time="249.73" errors="0" timestamp="2023-01-08T20:36:14 IST">
  <testcase classname="com.opencart.testcase.TC043_SFexistingproducttest" name="searchForExistingProduct" time="3.216"/>
  <testcase classname="com.opencart.testcase.TC044_SFnonexistingproducttest" name="seachForNonExistingProduct" time="1.222"/>
  <testcase classname="com.opencart.testcase.TC045_SFemptysearchtest" name="SearchWithEmptyTextField" time="2.887"/>
  <testcase classname="com.opencart.testcase.TC046_SFloginandsearchtest" name="searchByLogin" time="3.94"/>
  <testcase classname="com.opencart.testcase.TC047_SFmultisearchtest" name="SearchMultipleProducts" time="1.67"/>
  <testcase classname="com.opencart.testcase.TC048_SFplaceholdertest" name="searchTextFieldPlaceholder" time="0.148">
    <failure type="java.lang.AssertionError" message="expected [true] but found [false]">
      <![CDATA[java.lang.AssertionError: expected [true] but found [false]
at com.opencart.testcase.TC048_SFplaceholdertest.searchTextFieldPlaceholder(TC048_SFplaceholdertest.java:17)
at java.base/java.util.ArrayList.forEach(ArrayList.java:1511)
... Removed 29 stack frames]]>
    </failure>
  </testcase> <!-- searchTextFieldPlaceholder -->
  <testcase classname="com.opencart.testcase.TC049_SFsearchcriteriatest" name="seachBySearchCriteria" time="1.53"/>
  <testcase classname="com.opencart.testcase.TC050_SFbyproductdiscrpttest" name="seachForNonExistingProduct" time="1.653"/>
  <testcase classname="com.opencart.testcase.TC051_SFcriteriafieldtest" name="searchByCriteriaOfProduct" time="3.269"/>
  <testcase classname="com.opencart.testcase.TC052_SFmaincategorysearchtest" name="searchByMainCatergory" time="2.674"/>
  <testcase classname="com.opencart.testcase.TC053_SFlistgridviewsingleprodttest" name="searchSingleProductByListAndGridView" time="15.431"/>
  <testcase classname="com.opencart.testcase.TC054_SFlistgridmultiprotest" name="searchWithListAndGridForMultiProduct" time="15.646"/>
  <testcase classname="com.opencart.testcase.TC055_SFproductcomparetest" name="SearchWithNavigatingToProductCompare" time="2.219"/>
  <testcase classname="com.opencart.testcase.TC056_SFrandomactivitytest" name="searchFeatureRandomActivity" time="5.288"/>
  <testcase classname="com.opencart.testcase.TC057_SFnavigatebysitemaptest" name="SearchByNavigatigThroughSiteMap" time="1.396"/>
  <testcase classname="com.opencart.testcase.TC058_SFsearchbykeyboardtest" name="searchByKeyboardActions" time="12.182">
    <failure type="org.openqa.selenium.NoSuchElementException" message="no such element: Unable to locate element: {&amp;quot;method&amp;quot;:&amp;quot;xpath&amp;quot;,&amp;quot;selector&amp;quot;:&amp;quot;//*[@id=&amp;apos;content&amp;apos;]/div[3]/div/div&amp;quot;}
  (Session info: chrome=108.0.5359.125)
For documentation on this error, please visit: https://selenium.dev/exceptions/#no_such_element
Build info: version: &amp;apos;4.6.0&amp;apos;, revision: &amp;apos;79f1c02ae20&amp;apos;
System info: os.name: &amp;apos;Windows 10&amp;apos;, os.arch: &amp;apos;amd64&amp;apos;, os.version: &amp;apos;10.0&amp;apos;, java.version: &amp;apos;18.0.2&amp;apos;
Driver info: org.openqa.selenium.chrome.ChromeDriver
Command: [206dfe3afd0ffb6ec08339ab259b0dab, findElement {using=xpath, value=//*[@id=&amp;apos;content&amp;apos;]/div[3]/div/div}]
Capabilities {acceptInsecureCerts: false, browserName: chrome, browserVersion: 108.0.5359.125, chrome: {chromedriverVersion: 108.0.5359.71 (1e0e3868ee06..., userDataDir: C:\Users\User\AppData\Local...}, goog:chromeOptions: {debuggerAddress: localhost:50356}, networkConnectionEnabled: false, pageLoadStrategy: normal, platformName: WINDOWS, proxy: Proxy(), se:cdp: ws://localhost:50356/devtoo..., se:cdpVersion: 108.0.5359.125, setWindowRect: true, strictFileInteractability: false, timeouts: {implicit: 0, pageLoad: 300000, script: 30000}, unhandledPromptBehavior: dismiss and notify, webauthn:extension:credBlob: true, webauthn:extension:largeBlob: true, webauthn:virtualAuthenticators: true}
Session ID: 206dfe3afd0ffb6ec08339ab259b0dab">
      <![CDATA[org.openqa.selenium.NoSuchElementException: no such element: Unable to locate element: {"method":"xpath","selector":"//*[@id='content']/div[3]/div/div"}
  (Session info: chrome=108.0.5359.125)
For documentation on this error, please visit: https://selenium.dev/exceptions/#no_such_element
Build info: version: '4.6.0', revision: '79f1c02ae20'
System info: os.name: 'Windows 10', os.arch: 'amd64', os.version: '10.0', java.version: '18.0.2'
Driver info: org.openqa.selenium.chrome.ChromeDriver
Command: [206dfe3afd0ffb6ec08339ab259b0dab, findElement {using=xpath, value=//*[@id='content']/div[3]/div/div}]
Capabilities {acceptInsecureCerts: false, browserName: chrome, browserVersion: 108.0.5359.125, chrome: {chromedriverVersion: 108.0.5359.71 (1e0e3868ee06..., userDataDir: C:\Users\User\AppData\Local...}, goog:chromeOptions: {debuggerAddress: localhost:50356}, networkConnectionEnabled: false, pageLoadStrategy: normal, platformName: WINDOWS, proxy: Proxy(), se:cdp: ws://localhost:50356/devtoo..., se:cdpVersion: 108.0.5359.125, setWindowRect: true, strictFileInteractability: false, timeouts: {implicit: 0, pageLoad: 300000, script: 30000}, unhandledPromptBehavior: dismiss and notify, webauthn:extension:credBlob: true, webauthn:extension:largeBlob: true, webauthn:virtualAuthenticators: true}
Session ID: 206dfe3afd0ffb6ec08339ab259b0dab
at org.openqa.selenium.remote.codec.w3c.W3CHttpResponseCodec.createException(W3CHttpResponseCodec.java:200)
at org.openqa.selenium.remote.codec.w3c.W3CHttpResponseCodec.decode(W3CHttpResponseCodec.java:133)
at org.openqa.selenium.remote.codec.w3c.W3CHttpResponseCodec.decode(W3CHttpResponseCodec.java:53)
at org.openqa.selenium.remote.HttpCommandExecutor.execute(HttpCommandExecutor.java:184)
at org.openqa.selenium.remote.service.DriverCommandExecutor.invokeExecute(DriverCommandExecutor.java:167)
at org.openqa.selenium.remote.service.DriverCommandExecutor.execute(DriverCommandExecutor.java:142)
at org.openqa.selenium.remote.RemoteWebDriver.execute(RemoteWebDriver.java:541)
at org.openqa.selenium.remote.ElementLocation$ElementFinder$2.findElement(ElementLocation.java:162)
at org.openqa.selenium.remote.ElementLocation.findElement(ElementLocation.java:60)
at org.openqa.selenium.remote.RemoteWebDriver.findElement(RemoteWebDriver.java:365)
at org.openqa.selenium.remote.RemoteWebDriver.findElement(RemoteWebDriver.java:357)
at org.openqa.selenium.support.pagefactory.DefaultElementLocator.findElement(DefaultElementLocator.java:70)
at org.openqa.selenium.support.pagefactory.internal.LocatingElementHandler.invoke(LocatingElementHandler.java:39)
at jdk.proxy2/jdk.proxy2.$Proxy33.isDisplayed(Unknown Source)
at com.opencart.pageobject.Searchpage.isDispalyedIMacProductThumb(Searchpage.java:339)
at com.opencart.testcase.TC058_SFsearchbykeyboardtest.searchByKeyboardActions(TC058_SFsearchbykeyboardtest.java:30)
at java.base/java.util.ArrayList.forEach(ArrayList.java:1511)
... Removed 28 stack frames]]>
    </failure>
  </testcase> <!-- searchByKeyboardActions -->
</testsuite> <!-- SearchFeature -->
