<?xml version="1.0" encoding="UTF-8"?>
<!-- Generated by org.testng.reporters.JUnitXMLReporter -->
<testsuite ignored="0" hostname="Z422" failures="2" tests="8" name="ShoppingCartFeature" time="117.676" errors="0" timestamp="2023-01-09T15:51:29 IST">
  <testcase classname="com.opencart.testcase.TC086_SCbyhederoptiontest" name="shoppingCartNavigationFromHeaderOption" time="5.742"/>
  <testcase classname="com.opencart.testcase.TC087_SCupdateqtytest" name="shoppingCartNavigationFromHeaderOption" time="5.631"/>
  <testcase classname="com.opencart.testcase.TC088_SCupdatewthnegativeqtytest" name="shopCartByAddingNegativeQtyNumber" time="5.75">
    <failure type="java.lang.AssertionError" message="Proper Warning Message Is Not Getting Displayed Informing The User To Provide A Positive Number For Quantity Text Field">
      <![CDATA[java.lang.AssertionError: Proper Warning Message Is Not Getting Displayed Informing The User To Provide A Positive Number For Quantity Text Field
at com.opencart.testcase.TC088_SCupdatewthnegativeqtytest.shopCartByAddingNegativeQtyNumber(TC088_SCupdatewthnegativeqtytest.java:66)
at java.base/java.util.ArrayList.forEach(ArrayList.java:1511)
... Removed 26 stack frames]]>
    </failure>
  </testcase> <!-- shopCartByAddingNegativeQtyNumber -->
  <testcase classname="com.opencart.testcase.TC089_SCremoveproducttest" name="shoppingCartRemoveProductfromCart" time="5.246"/>
  <testcase classname="com.opencart.testcase.TC090_SCcoupencodetest" name="shoppingCartCoupenTest" time="5.376"/>
  <testcase classname="com.opencart.testcase.TC091_SCclosewarningmsgcoupentest" name="shoppingCartCloseWarningMesgOfCoupen" time="15.486"/>
  <testcase classname="com.opencart.testcase.TC092_SCshippngtaxtest" name="shoppingCartCloseWarningMesgOfCoupen" time="10.428">
    <failure type="org.openqa.selenium.StaleElementReferenceException" message="stale element reference: element is not attached to the page document
  (Session info: chrome=108.0.5359.125)
For documentation on this error, please visit: https://selenium.dev/exceptions/#stale_element_reference
Build info: version: &amp;apos;4.6.0&amp;apos;, revision: &amp;apos;79f1c02ae20&amp;apos;
System info: os.name: &amp;apos;Windows 10&amp;apos;, os.arch: &amp;apos;amd64&amp;apos;, os.version: &amp;apos;10.0&amp;apos;, java.version: &amp;apos;18.0.2&amp;apos;
Driver info: org.openqa.selenium.chrome.ChromeDriver
Command: [d9f2373773db6dd10bfa670b3a88db32, getElementAttribute {id=b605cd44-158e-429d-869e-6ce374ddd8eb, name=index}]
Capabilities {acceptInsecureCerts: false, browserName: chrome, browserVersion: 108.0.5359.125, chrome: {chromedriverVersion: 108.0.5359.71 (1e0e3868ee06..., userDataDir: C:\Users\User\AppData\Local...}, goog:chromeOptions: {debuggerAddress: localhost:57059}, networkConnectionEnabled: false, pageLoadStrategy: normal, platformName: WINDOWS, proxy: Proxy(), se:cdp: ws://localhost:57059/devtoo..., se:cdpVersion: 108.0.5359.125, setWindowRect: true, strictFileInteractability: false, timeouts: {implicit: 0, pageLoad: 300000, script: 30000}, unhandledPromptBehavior: dismiss and notify, webauthn:extension:credBlob: true, webauthn:extension:largeBlob: true, webauthn:virtualAuthenticators: true}
Element: [[[[ChromeDriver: chrome on WINDOWS (d9f2373773db6dd10bfa670b3a88db32)] -&amp;gt; id: input-zone]] -&amp;gt; tag name: option]
Session ID: d9f2373773db6dd10bfa670b3a88db32">
      <![CDATA[org.openqa.selenium.StaleElementReferenceException: stale element reference: element is not attached to the page document
  (Session info: chrome=108.0.5359.125)
For documentation on this error, please visit: https://selenium.dev/exceptions/#stale_element_reference
Build info: version: '4.6.0', revision: '79f1c02ae20'
System info: os.name: 'Windows 10', os.arch: 'amd64', os.version: '10.0', java.version: '18.0.2'
Driver info: org.openqa.selenium.chrome.ChromeDriver
Command: [d9f2373773db6dd10bfa670b3a88db32, getElementAttribute {id=b605cd44-158e-429d-869e-6ce374ddd8eb, name=index}]
Capabilities {acceptInsecureCerts: false, browserName: chrome, browserVersion: 108.0.5359.125, chrome: {chromedriverVersion: 108.0.5359.71 (1e0e3868ee06..., userDataDir: C:\Users\User\AppData\Local...}, goog:chromeOptions: {debuggerAddress: localhost:57059}, networkConnectionEnabled: false, pageLoadStrategy: normal, platformName: WINDOWS, proxy: Proxy(), se:cdp: ws://localhost:57059/devtoo..., se:cdpVersion: 108.0.5359.125, setWindowRect: true, strictFileInteractability: false, timeouts: {implicit: 0, pageLoad: 300000, script: 30000}, unhandledPromptBehavior: dismiss and notify, webauthn:extension:credBlob: true, webauthn:extension:largeBlob: true, webauthn:virtualAuthenticators: true}
Element: [[[[ChromeDriver: chrome on WINDOWS (d9f2373773db6dd10bfa670b3a88db32)] -> id: input-zone]] -> tag name: option]
Session ID: d9f2373773db6dd10bfa670b3a88db32
at org.openqa.selenium.remote.codec.w3c.W3CHttpResponseCodec.createException(W3CHttpResponseCodec.java:200)
at org.openqa.selenium.remote.codec.w3c.W3CHttpResponseCodec.decode(W3CHttpResponseCodec.java:133)
at org.openqa.selenium.remote.codec.w3c.W3CHttpResponseCodec.decode(W3CHttpResponseCodec.java:53)
at org.openqa.selenium.remote.HttpCommandExecutor.execute(HttpCommandExecutor.java:184)
at org.openqa.selenium.remote.service.DriverCommandExecutor.invokeExecute(DriverCommandExecutor.java:167)
at org.openqa.selenium.remote.service.DriverCommandExecutor.execute(DriverCommandExecutor.java:142)
at org.openqa.selenium.remote.RemoteWebDriver.execute(RemoteWebDriver.java:541)
at org.openqa.selenium.remote.RemoteWebElement.execute(RemoteWebElement.java:257)
at org.openqa.selenium.remote.RemoteWebElement.getAttribute(RemoteWebElement.java:158)
at org.openqa.selenium.support.ui.Select.setSelectedByIndex(Select.java:300)
at org.openqa.selenium.support.ui.Select.selectByIndex(Select.java:179)
at com.opencart.pageobject.Shoppingcartpage.selectByTextState(Shoppingcartpage.java:217)
at com.opencart.testcase.TC092_SCshippngtaxtest.shoppingCartCloseWarningMesgOfCoupen(TC092_SCshippngtaxtest.java:57)
at java.base/java.util.ArrayList.forEach(ArrayList.java:1511)
... Removed 28 stack frames]]>
    </failure>
  </testcase> <!-- shoppingCartCloseWarningMesgOfCoupen -->
  <testcase classname="com.opencart.testcase.TC093_SCusegiftcertificatetest" name="shoppingCartUseGiftCertificate" time="5.279"/>
</testsuite> <!-- ShoppingCartFeature -->
