<?xml version="1.0" encoding="UTF-8"?>
<testng-results ignored="0" total="28" passed="24" failed="4" skipped="0">
  <reporter-output>
  </reporter-output>
  <suite started-at="2022-12-29T00:11:50 IST" name="opencart" finished-at="2022-12-29T00:17:56 IST" duration-ms="366558">
    <groups>
    </groups>
    <test started-at="2022-12-29T00:11:50 IST" name="Testdatadriventest" finished-at="2022-12-29T00:17:56 IST" duration-ms="366558">
      <class name="com.opencart.zdatadriven.TC02_DDLoginFunctionTest">
        <test-method signature="loginWithValidCredentials(java.util.HashMap)[pri:0, instance:com.opencart.zdatadriven.TC02_DDLoginFunctionTest@5911e990]" started-at="2022-12-29T00:15:32 IST" name="loginWithValidCredentials" data-provider="AllFieldTest" finished-at="2022-12-29T00:15:41 IST" duration-ms="8133" status="PASS">
          <params>
            <param index="0">
              <value>
                <![CDATA[{Runmode=Y, Email=kishore8@gmail.com, ExpectedResult=Success, Browser=Chrome, Password=12345}]]>
              </value>
            </param>
          </params>
          <reporter-output>
          </reporter-output>
        </test-method> <!-- loginWithValidCredentials -->
        <test-method is-config="true" signature="tearDown()[pri:0, instance:com.opencart.zdatadriven.TC02_DDLoginFunctionTest@5911e990]" started-at="2022-12-29T00:15:41 IST" name="tearDown" finished-at="2022-12-29T00:15:41 IST" duration-ms="423" status="PASS">
          <reporter-output>
          </reporter-output>
        </test-method> <!-- tearDown -->
        <test-method signature="loginWithValidCredentials(java.util.HashMap)[pri:0, instance:com.opencart.zdatadriven.TC02_DDLoginFunctionTest@5911e990]" started-at="2022-12-29T00:15:41 IST" name="loginWithValidCredentials" data-provider="AllFieldTest" finished-at="2022-12-29T00:15:49 IST" duration-ms="8308" status="PASS">
          <params>
            <param index="0">
              <value>
                <![CDATA[{Runmode=Y, Email=kishore8@gmail.com, ExpectedResult=Success, Browser=Edge, Password=12345}]]>
              </value>
            </param>
          </params>
          <reporter-output>
          </reporter-output>
        </test-method> <!-- loginWithValidCredentials -->
        <test-method is-config="true" signature="tearDown()[pri:0, instance:com.opencart.zdatadriven.TC02_DDLoginFunctionTest@5911e990]" started-at="2022-12-29T00:15:49 IST" name="tearDown" finished-at="2022-12-29T00:15:50 IST" duration-ms="527" status="PASS">
          <reporter-output>
          </reporter-output>
        </test-method> <!-- tearDown -->
        <test-method signature="loginWithValidCredentials(java.util.HashMap)[pri:0, instance:com.opencart.zdatadriven.TC02_DDLoginFunctionTest@5911e990]" started-at="2022-12-29T00:15:50 IST" name="loginWithValidCredentials" data-provider="AllFieldTest" finished-at="2022-12-29T00:16:03 IST" duration-ms="12853" status="PASS">
          <params>
            <param index="0">
              <value>
                <![CDATA[{Runmode=Y, Email=kishore8@gmail.com, ExpectedResult=Success, Browser=Firefox, Password=12345}]]>
              </value>
            </param>
          </params>
          <reporter-output>
          </reporter-output>
        </test-method> <!-- loginWithValidCredentials -->
        <test-method is-config="true" signature="tearDown()[pri:0, instance:com.opencart.zdatadriven.TC02_DDLoginFunctionTest@5911e990]" started-at="2022-12-29T00:16:03 IST" name="tearDown" finished-at="2022-12-29T00:16:05 IST" duration-ms="2381" status="PASS">
          <reporter-output>
          </reporter-output>
        </test-method> <!-- tearDown -->
        <test-method signature="loginWithValidCredentials(java.util.HashMap)[pri:0, instance:com.opencart.zdatadriven.TC02_DDLoginFunctionTest@5911e990]" started-at="2022-12-29T00:16:05 IST" name="loginWithValidCredentials" data-provider="AllFieldTest" finished-at="2022-12-29T00:16:16 IST" duration-ms="10508" status="PASS">
          <params>
            <param index="0">
              <value>
                <![CDATA[{Runmode=Y, Email=, ExpectedResult=Failure, Browser=Firefox, Password=}]]>
              </value>
            </param>
          </params>
          <reporter-output>
          </reporter-output>
        </test-method> <!-- loginWithValidCredentials -->
        <test-method is-config="true" signature="tearDown()[pri:0, instance:com.opencart.zdatadriven.TC02_DDLoginFunctionTest@5911e990]" started-at="2022-12-29T00:16:16 IST" name="tearDown" finished-at="2022-12-29T00:16:18 IST" duration-ms="2169" status="PASS">
          <reporter-output>
          </reporter-output>
        </test-method> <!-- tearDown -->
        <test-method signature="loginWithValidCredentials(java.util.HashMap)[pri:0, instance:com.opencart.zdatadriven.TC02_DDLoginFunctionTest@5911e990]" started-at="2022-12-29T00:16:18 IST" name="loginWithValidCredentials" data-provider="AllFieldTest" finished-at="2022-12-29T00:16:29 IST" duration-ms="10837" status="PASS">
          <params>
            <param index="0">
              <value>
                <![CDATA[{Runmode=Y, Email=ravi30gmail.com, ExpectedResult=Failure, Browser=Firefox, Password=*A123l1}]]>
              </value>
            </param>
          </params>
          <reporter-output>
          </reporter-output>
        </test-method> <!-- loginWithValidCredentials -->
        <test-method is-config="true" signature="tearDown()[pri:0, instance:com.opencart.zdatadriven.TC02_DDLoginFunctionTest@5911e990]" started-at="2022-12-29T00:16:29 IST" name="tearDown" finished-at="2022-12-29T00:16:31 IST" duration-ms="2110" status="PASS">
          <reporter-output>
          </reporter-output>
        </test-method> <!-- tearDown -->
        <test-method signature="loginWithValidCredentials(java.util.HashMap)[pri:0, instance:com.opencart.zdatadriven.TC02_DDLoginFunctionTest@5911e990]" started-at="2022-12-29T00:16:31 IST" name="loginWithValidCredentials" data-provider="AllFieldTest" finished-at="2022-12-29T00:16:38 IST" duration-ms="7680" status="PASS">
          <params>
            <param index="0">
              <value>
                <![CDATA[{Runmode=Y, Email=ravi309@gmail, ExpectedResult=Failure, Browser=Chrome, Password=*A123l1}]]>
              </value>
            </param>
          </params>
          <reporter-output>
          </reporter-output>
        </test-method> <!-- loginWithValidCredentials -->
        <test-method is-config="true" signature="tearDown()[pri:0, instance:com.opencart.zdatadriven.TC02_DDLoginFunctionTest@5911e990]" started-at="2022-12-29T00:16:38 IST" name="tearDown" finished-at="2022-12-29T00:16:39 IST" duration-ms="502" status="PASS">
          <reporter-output>
          </reporter-output>
        </test-method> <!-- tearDown -->
        <test-method signature="loginWithValidCredentials(java.util.HashMap)[pri:0, instance:com.opencart.zdatadriven.TC02_DDLoginFunctionTest@5911e990]" started-at="2022-12-29T00:16:39 IST" name="loginWithValidCredentials" data-provider="AllFieldTest" finished-at="2022-12-29T00:16:46 IST" duration-ms="7321" status="PASS">
          <params>
            <param index="0">
              <value>
                <![CDATA[{Runmode=Y, Email=, ExpectedResult=Failure, Browser=Edge, Password=*A123l1}]]>
              </value>
            </param>
          </params>
          <reporter-output>
          </reporter-output>
        </test-method> <!-- loginWithValidCredentials -->
        <test-method is-config="true" signature="tearDown()[pri:0, instance:com.opencart.zdatadriven.TC02_DDLoginFunctionTest@5911e990]" started-at="2022-12-29T00:16:46 IST" name="tearDown" finished-at="2022-12-29T00:16:47 IST" duration-ms="449" status="PASS">
          <reporter-output>
          </reporter-output>
        </test-method> <!-- tearDown -->
        <test-method signature="loginWithValidCredentials(java.util.HashMap)[pri:0, instance:com.opencart.zdatadriven.TC02_DDLoginFunctionTest@5911e990]" started-at="2022-12-29T00:16:47 IST" name="loginWithValidCredentials" data-provider="AllFieldTest" finished-at="2022-12-29T00:16:58 IST" duration-ms="11805" status="PASS">
          <params>
            <param index="0">
              <value>
                <![CDATA[{Runmode=Y, Email=ravi400.com, ExpectedResult=Failure, Browser=Firefox, Password=*A123l1}]]>
              </value>
            </param>
          </params>
          <reporter-output>
          </reporter-output>
        </test-method> <!-- loginWithValidCredentials -->
        <test-method is-config="true" signature="tearDown()[pri:0, instance:com.opencart.zdatadriven.TC02_DDLoginFunctionTest@5911e990]" started-at="2022-12-29T00:16:58 IST" name="tearDown" finished-at="2022-12-29T00:17:01 IST" duration-ms="2187" status="PASS">
          <reporter-output>
          </reporter-output>
        </test-method> <!-- tearDown -->
        <test-method signature="loginWithValidCredentials(java.util.HashMap)[pri:0, instance:com.opencart.zdatadriven.TC02_DDLoginFunctionTest@5911e990]" started-at="2022-12-29T00:17:01 IST" name="loginWithValidCredentials" data-provider="AllFieldTest" finished-at="2022-12-29T00:17:08 IST" duration-ms="7469" status="PASS">
          <params>
            <param index="0">
              <value>
                <![CDATA[{Runmode=Y, Email=ravi401@gmail.com, ExpectedResult=Failure, Browser=Chrome, Password=}]]>
              </value>
            </param>
          </params>
          <reporter-output>
          </reporter-output>
        </test-method> <!-- loginWithValidCredentials -->
        <test-method is-config="true" signature="tearDown()[pri:0, instance:com.opencart.zdatadriven.TC02_DDLoginFunctionTest@5911e990]" started-at="2022-12-29T00:17:08 IST" name="tearDown" finished-at="2022-12-29T00:17:09 IST" duration-ms="453" status="PASS">
          <reporter-output>
          </reporter-output>
        </test-method> <!-- tearDown -->
        <test-method signature="loginWithValidCredentials(java.util.HashMap)[pri:0, instance:com.opencart.zdatadriven.TC02_DDLoginFunctionTest@5911e990]" started-at="2022-12-29T00:17:09 IST" name="loginWithValidCredentials" data-provider="AllFieldTest" finished-at="2022-12-29T00:17:17 IST" duration-ms="8422" status="PASS">
          <params>
            <param index="0">
              <value>
                <![CDATA[{Runmode=Y, Email=ravi402gmail.com, ExpectedResult=Failure, Browser=Edge, Password=*A123l2}]]>
              </value>
            </param>
          </params>
          <reporter-output>
          </reporter-output>
        </test-method> <!-- loginWithValidCredentials -->
        <test-method is-config="true" signature="tearDown()[pri:0, instance:com.opencart.zdatadriven.TC02_DDLoginFunctionTest@5911e990]" started-at="2022-12-29T00:17:17 IST" name="tearDown" finished-at="2022-12-29T00:17:17 IST" duration-ms="438" status="PASS">
          <reporter-output>
          </reporter-output>
        </test-method> <!-- tearDown -->
        <test-method signature="loginWithValidCredentials(java.util.HashMap)[pri:0, instance:com.opencart.zdatadriven.TC02_DDLoginFunctionTest@5911e990]" started-at="2022-12-29T00:17:17 IST" name="loginWithValidCredentials" data-provider="AllFieldTest" finished-at="2022-12-29T00:17:30 IST" duration-ms="12485" status="FAIL">
          <params>
            <param index="0">
              <value>
                <![CDATA[{Runmode=Y, Email=ravi42@gmail.com, ExpectedResult=Failure, Browser=Firefox, Password=*A123l2}]]>
              </value>
            </param>
          </params>
          <exception class="java.lang.AssertionError">
            <message>
              <![CDATA[expected [true] but found [false]]]>
            </message>
            <full-stacktrace>
              <![CDATA[java.lang.AssertionError: expected [true] but found [false]
at org.testng.Assert.fail(Assert.java:110)
at org.testng.Assert.failNotEquals(Assert.java:1413)
at org.testng.Assert.assertEqualsImpl(Assert.java:149)
at org.testng.Assert.assertEquals(Assert.java:131)
at org.testng.Assert.assertEquals(Assert.java:976)
at org.testng.Assert.assertEquals(Assert.java:1010)
at com.opencart.zdatadriven.TC02_DDLoginFunctionTest.loginWithValidCredentials(TC02_DDLoginFunctionTest.java:87)
at java.base/jdk.internal.reflect.DirectMethodHandleAccessor.invoke(DirectMethodHandleAccessor.java:104)
at java.base/java.lang.reflect.Method.invoke(Method.java:577)
at org.testng.internal.invokers.MethodInvocationHelper.invokeMethod(MethodInvocationHelper.java:139)
at org.testng.internal.invokers.TestInvoker.invokeMethod(TestInvoker.java:677)
at org.testng.internal.invokers.TestInvoker.invokeTestMethod(TestInvoker.java:221)
at org.testng.internal.invokers.MethodRunner.runInSequence(MethodRunner.java:50)
at org.testng.internal.invokers.TestInvoker$MethodInvocationAgent.invoke(TestInvoker.java:969)
at org.testng.internal.invokers.TestInvoker.invokeTestMethods(TestInvoker.java:194)
at org.testng.internal.invokers.TestMethodWorker.invokeTestMethods(TestMethodWorker.java:148)
at org.testng.internal.invokers.TestMethodWorker.run(TestMethodWorker.java:128)
at java.base/java.util.ArrayList.forEach(ArrayList.java:1511)
at org.testng.TestRunner.privateRun(TestRunner.java:829)
at org.testng.TestRunner.run(TestRunner.java:602)
at org.testng.SuiteRunner.runTest(SuiteRunner.java:437)
at org.testng.SuiteRunner.runSequentially(SuiteRunner.java:431)
at org.testng.SuiteRunner.privateRun(SuiteRunner.java:391)
at org.testng.SuiteRunner.run(SuiteRunner.java:330)
at org.testng.SuiteRunnerWorker.runSuite(SuiteRunnerWorker.java:52)
at org.testng.SuiteRunnerWorker.run(SuiteRunnerWorker.java:95)
at org.testng.TestNG.runSuitesSequentially(TestNG.java:1256)
at org.testng.TestNG.runSuitesLocally(TestNG.java:1176)
at org.testng.TestNG.runSuites(TestNG.java:1099)
at org.testng.TestNG.run(TestNG.java:1067)
at org.apache.maven.surefire.testng.TestNGExecutor.run(TestNGExecutor.java:324)
at org.apache.maven.surefire.testng.TestNGXmlTestSuite.execute(TestNGXmlTestSuite.java:74)
at org.apache.maven.surefire.testng.TestNGProvider.invoke(TestNGProvider.java:123)
at org.apache.maven.surefire.booter.ForkedBooter.runSuitesInProcess(ForkedBooter.java:456)
at org.apache.maven.surefire.booter.ForkedBooter.execute(ForkedBooter.java:169)
at org.apache.maven.surefire.booter.ForkedBooter.run(ForkedBooter.java:595)
at org.apache.maven.surefire.booter.ForkedBooter.main(ForkedBooter.java:581)
]]>
            </full-stacktrace>
          </exception> <!-- java.lang.AssertionError -->
          <reporter-output>
          </reporter-output>
        </test-method> <!-- loginWithValidCredentials -->
        <test-method is-config="true" signature="tearDown()[pri:0, instance:com.opencart.zdatadriven.TC02_DDLoginFunctionTest@5911e990]" started-at="2022-12-29T00:17:30 IST" name="tearDown" finished-at="2022-12-29T00:17:32 IST" duration-ms="2373" status="PASS">
          <reporter-output>
          </reporter-output>
        </test-method> <!-- tearDown -->
        <test-method signature="loginWithValidCredentials(java.util.HashMap)[pri:0, instance:com.opencart.zdatadriven.TC02_DDLoginFunctionTest@5911e990]" started-at="2022-12-29T00:17:32 IST" name="loginWithValidCredentials" data-provider="AllFieldTest" finished-at="2022-12-29T00:17:40 IST" duration-ms="7913" status="PASS">
          <params>
            <param index="0">
              <value>
                <![CDATA[{Runmode=Y, Email=, ExpectedResult=Failure, Browser=Chrome, Password=*A123l2}]]>
              </value>
            </param>
          </params>
          <reporter-output>
          </reporter-output>
        </test-method> <!-- loginWithValidCredentials -->
        <test-method is-config="true" signature="tearDown()[pri:0, instance:com.opencart.zdatadriven.TC02_DDLoginFunctionTest@5911e990]" started-at="2022-12-29T00:17:40 IST" name="tearDown" finished-at="2022-12-29T00:17:41 IST" duration-ms="423" status="PASS">
          <reporter-output>
          </reporter-output>
        </test-method> <!-- tearDown -->
        <test-method signature="loginWithValidCredentials(java.util.HashMap)[pri:0, instance:com.opencart.zdatadriven.TC02_DDLoginFunctionTest@5911e990]" started-at="2022-12-29T00:17:41 IST" name="loginWithValidCredentials" data-provider="AllFieldTest" finished-at="2022-12-29T00:17:49 IST" duration-ms="8354" status="PASS">
          <params>
            <param index="0">
              <value>
                <![CDATA[{Runmode=Y, Email=@gmail.com, ExpectedResult=Failure, Browser=Edge, Password=*A123l2}]]>
              </value>
            </param>
          </params>
          <reporter-output>
          </reporter-output>
        </test-method> <!-- loginWithValidCredentials -->
        <test-method is-config="true" signature="tearDown()[pri:0, instance:com.opencart.zdatadriven.TC02_DDLoginFunctionTest@5911e990]" started-at="2022-12-29T00:17:49 IST" name="tearDown" finished-at="2022-12-29T00:17:49 IST" duration-ms="422" status="PASS">
          <reporter-output>
          </reporter-output>
        </test-method> <!-- tearDown -->
        <test-method signature="loginWithValidCredentials(java.util.HashMap)[pri:0, instance:com.opencart.zdatadriven.TC02_DDLoginFunctionTest@5911e990]" started-at="2022-12-29T00:17:49 IST" name="loginWithValidCredentials" data-provider="AllFieldTest" finished-at="2022-12-29T00:17:56 IST" duration-ms="6667" status="PASS">
          <params>
            <param index="0">
              <value>
                <![CDATA[{Runmode=Y, Email=ravi454@gmail.com, ExpectedResult=Failure, Browser=Chrome, Password=*A123l3}]]>
              </value>
            </param>
          </params>
          <reporter-output>
          </reporter-output>
        </test-method> <!-- loginWithValidCredentials -->
        <test-method is-config="true" signature="tearDown()[pri:0, instance:com.opencart.zdatadriven.TC02_DDLoginFunctionTest@5911e990]" started-at="2022-12-29T00:17:56 IST" name="tearDown" finished-at="2022-12-29T00:17:56 IST" duration-ms="374" status="PASS">
          <reporter-output>
          </reporter-output>
        </test-method> <!-- tearDown -->
      </class> <!-- com.opencart.zdatadriven.TC02_DDLoginFunctionTest -->
      <class name="com.opencart.zdatadriven.TC01_DDRegisterFunctionTest">
        <test-method signature="registeringWithAllFileds(java.util.HashMap)[pri:0, instance:com.opencart.zdatadriven.TC01_DDRegisterFunctionTest@362045c0]" started-at="2022-12-29T00:11:53 IST" name="registeringWithAllFileds" data-provider="AllFieldTest" finished-at="2022-12-29T00:12:09 IST" duration-ms="15793" status="PASS">
          <params>
            <param index="0">
              <value>
                <![CDATA[{Email=samuel2224@gmail.com, ExpectedResult=Success, Telephone=9876543210, FirstName=Samuel, Runmode=Y, LastName=Sharma, Browser=Chrome, Password=*A123l1, ConfirmPassword=*A123l1}]]>
              </value>
            </param>
          </params>
          <reporter-output>
          </reporter-output>
        </test-method> <!-- registeringWithAllFileds -->
        <test-method is-config="true" signature="tearDown()[pri:0, instance:com.opencart.zdatadriven.TC01_DDRegisterFunctionTest@362045c0]" started-at="2022-12-29T00:12:09 IST" name="tearDown" finished-at="2022-12-29T00:12:10 IST" duration-ms="605" status="PASS">
          <reporter-output>
          </reporter-output>
        </test-method> <!-- tearDown -->
        <test-method signature="registeringWithAllFileds(java.util.HashMap)[pri:0, instance:com.opencart.zdatadriven.TC01_DDRegisterFunctionTest@362045c0]" started-at="2022-12-29T00:12:10 IST" name="registeringWithAllFileds" data-provider="AllFieldTest" finished-at="2022-12-29T00:12:35 IST" duration-ms="25061" status="PASS">
          <params>
            <param index="0">
              <value>
                <![CDATA[{Email=james3332@gmail.com, ExpectedResult=Success, Telephone=9876543210, FirstName=James, Runmode=Y, LastName=Ghosling, Browser=Edge, Password=*A123l1, ConfirmPassword=*A123l1}]]>
              </value>
            </param>
          </params>
          <reporter-output>
          </reporter-output>
        </test-method> <!-- registeringWithAllFileds -->
        <test-method is-config="true" signature="tearDown()[pri:0, instance:com.opencart.zdatadriven.TC01_DDRegisterFunctionTest@362045c0]" started-at="2022-12-29T00:12:35 IST" name="tearDown" finished-at="2022-12-29T00:12:35 IST" duration-ms="700" status="PASS">
          <reporter-output>
          </reporter-output>
        </test-method> <!-- tearDown -->
        <test-method signature="registeringWithAllFileds(java.util.HashMap)[pri:0, instance:com.opencart.zdatadriven.TC01_DDRegisterFunctionTest@362045c0]" started-at="2022-12-29T00:12:35 IST" name="registeringWithAllFileds" data-provider="AllFieldTest" finished-at="2022-12-29T00:13:13 IST" duration-ms="37723" status="PASS">
          <params>
            <param index="0">
              <value>
                <![CDATA[{Email=rayan4443@gmail.com, ExpectedResult=Success, Telephone=9876543210, FirstName=Rayan, Runmode=Y, LastName=Renolds, Browser=Firefox, Password=*A123l1, ConfirmPassword=*A123l1}]]>
              </value>
            </param>
          </params>
          <reporter-output>
          </reporter-output>
        </test-method> <!-- registeringWithAllFileds -->
        <test-method is-config="true" signature="tearDown()[pri:0, instance:com.opencart.zdatadriven.TC01_DDRegisterFunctionTest@362045c0]" started-at="2022-12-29T00:13:13 IST" name="tearDown" finished-at="2022-12-29T00:13:16 IST" duration-ms="3235" status="PASS">
          <reporter-output>
          </reporter-output>
        </test-method> <!-- tearDown -->
        <test-method signature="registeringWithAllFileds(java.util.HashMap)[pri:0, instance:com.opencart.zdatadriven.TC01_DDRegisterFunctionTest@362045c0]" started-at="2022-12-29T00:13:16 IST" name="registeringWithAllFileds" data-provider="AllFieldTest" finished-at="2022-12-29T00:13:29 IST" duration-ms="12914" status="PASS">
          <params>
            <param index="0">
              <value>
                <![CDATA[{Email=, ExpectedResult=Failure, Telephone=, FirstName=, Runmode=Y, LastName=, Browser=Firefox, Password=, ConfirmPassword=}]]>
              </value>
            </param>
          </params>
          <reporter-output>
          </reporter-output>
        </test-method> <!-- registeringWithAllFileds -->
        <test-method is-config="true" signature="tearDown()[pri:0, instance:com.opencart.zdatadriven.TC01_DDRegisterFunctionTest@362045c0]" started-at="2022-12-29T00:13:29 IST" name="tearDown" finished-at="2022-12-29T00:13:32 IST" duration-ms="2370" status="PASS">
          <reporter-output>
          </reporter-output>
        </test-method> <!-- tearDown -->
        <test-method signature="registeringWithAllFileds(java.util.HashMap)[pri:0, instance:com.opencart.zdatadriven.TC01_DDRegisterFunctionTest@362045c0]" started-at="2022-12-29T00:13:32 IST" name="registeringWithAllFileds" data-provider="AllFieldTest" finished-at="2022-12-29T00:13:44 IST" duration-ms="12045" status="PASS">
          <params>
            <param index="0">
              <value>
                <![CDATA[{Email=ravi309@gmail.com, ExpectedResult=Failure, Telephone=9876543210, FirstName=, Runmode=Y, LastName=Sharma, Browser=Firefox, Password=*A123l1, ConfirmPassword=*A123l1}]]>
              </value>
            </param>
          </params>
          <reporter-output>
          </reporter-output>
        </test-method> <!-- registeringWithAllFileds -->
        <test-method is-config="true" signature="tearDown()[pri:0, instance:com.opencart.zdatadriven.TC01_DDRegisterFunctionTest@362045c0]" started-at="2022-12-29T00:13:44 IST" name="tearDown" finished-at="2022-12-29T00:13:46 IST" duration-ms="2234" status="PASS">
          <reporter-output>
          </reporter-output>
        </test-method> <!-- tearDown -->
        <test-method signature="registeringWithAllFileds(java.util.HashMap)[pri:0, instance:com.opencart.zdatadriven.TC01_DDRegisterFunctionTest@362045c0]" started-at="2022-12-29T00:13:46 IST" name="registeringWithAllFileds" data-provider="AllFieldTest" finished-at="2022-12-29T00:13:56 IST" duration-ms="10071" status="PASS">
          <params>
            <param index="0">
              <value>
                <![CDATA[{Email=ravi309@gmail.com, ExpectedResult=Failure, Telephone=9876543210, FirstName=Praveen, Runmode=Y, LastName=, Browser=Chrome, Password=*A123l1, ConfirmPassword=*A123l1}]]>
              </value>
            </param>
          </params>
          <reporter-output>
          </reporter-output>
        </test-method> <!-- registeringWithAllFileds -->
        <test-method is-config="true" signature="tearDown()[pri:0, instance:com.opencart.zdatadriven.TC01_DDRegisterFunctionTest@362045c0]" started-at="2022-12-29T00:13:56 IST" name="tearDown" finished-at="2022-12-29T00:13:56 IST" duration-ms="450" status="PASS">
          <reporter-output>
          </reporter-output>
        </test-method> <!-- tearDown -->
        <test-method signature="registeringWithAllFileds(java.util.HashMap)[pri:0, instance:com.opencart.zdatadriven.TC01_DDRegisterFunctionTest@362045c0]" started-at="2022-12-29T00:13:56 IST" name="registeringWithAllFileds" data-provider="AllFieldTest" finished-at="2022-12-29T00:14:09 IST" duration-ms="12243" status="FAIL">
          <params>
            <param index="0">
              <value>
                <![CDATA[{Email=, ExpectedResult=Failure, Telephone=9876543210, FirstName=Praveen, Runmode=Y, LastName=Sharma, Browser=Edge, Password=*A123l1, ConfirmPassword=*A123l1}]]>
              </value>
            </param>
          </params>
          <exception class="java.lang.AssertionError">
            <message>
              <![CDATA[expected [true] but found [false]]]>
            </message>
            <full-stacktrace>
              <![CDATA[java.lang.AssertionError: expected [true] but found [false]
at org.testng.Assert.fail(Assert.java:110)
at org.testng.Assert.failNotEquals(Assert.java:1413)
at org.testng.Assert.assertEqualsImpl(Assert.java:149)
at org.testng.Assert.assertEquals(Assert.java:131)
at org.testng.Assert.assertEquals(Assert.java:976)
at org.testng.Assert.assertEquals(Assert.java:1010)
at com.opencart.zdatadriven.TC01_DDRegisterFunctionTest.registeringWithAllFileds(TC01_DDRegisterFunctionTest.java:101)
at java.base/jdk.internal.reflect.DirectMethodHandleAccessor.invoke(DirectMethodHandleAccessor.java:104)
at java.base/java.lang.reflect.Method.invoke(Method.java:577)
at org.testng.internal.invokers.MethodInvocationHelper.invokeMethod(MethodInvocationHelper.java:139)
at org.testng.internal.invokers.TestInvoker.invokeMethod(TestInvoker.java:677)
at org.testng.internal.invokers.TestInvoker.invokeTestMethod(TestInvoker.java:221)
at org.testng.internal.invokers.MethodRunner.runInSequence(MethodRunner.java:50)
at org.testng.internal.invokers.TestInvoker$MethodInvocationAgent.invoke(TestInvoker.java:969)
at org.testng.internal.invokers.TestInvoker.invokeTestMethods(TestInvoker.java:194)
at org.testng.internal.invokers.TestMethodWorker.invokeTestMethods(TestMethodWorker.java:148)
at org.testng.internal.invokers.TestMethodWorker.run(TestMethodWorker.java:128)
at java.base/java.util.ArrayList.forEach(ArrayList.java:1511)
at org.testng.TestRunner.privateRun(TestRunner.java:829)
at org.testng.TestRunner.run(TestRunner.java:602)
at org.testng.SuiteRunner.runTest(SuiteRunner.java:437)
at org.testng.SuiteRunner.runSequentially(SuiteRunner.java:431)
at org.testng.SuiteRunner.privateRun(SuiteRunner.java:391)
at org.testng.SuiteRunner.run(SuiteRunner.java:330)
at org.testng.SuiteRunnerWorker.runSuite(SuiteRunnerWorker.java:52)
at org.testng.SuiteRunnerWorker.run(SuiteRunnerWorker.java:95)
at org.testng.TestNG.runSuitesSequentially(TestNG.java:1256)
at org.testng.TestNG.runSuitesLocally(TestNG.java:1176)
at org.testng.TestNG.runSuites(TestNG.java:1099)
at org.testng.TestNG.run(TestNG.java:1067)
at org.apache.maven.surefire.testng.TestNGExecutor.run(TestNGExecutor.java:324)
at org.apache.maven.surefire.testng.TestNGXmlTestSuite.execute(TestNGXmlTestSuite.java:74)
at org.apache.maven.surefire.testng.TestNGProvider.invoke(TestNGProvider.java:123)
at org.apache.maven.surefire.booter.ForkedBooter.runSuitesInProcess(ForkedBooter.java:456)
at org.apache.maven.surefire.booter.ForkedBooter.execute(ForkedBooter.java:169)
at org.apache.maven.surefire.booter.ForkedBooter.run(ForkedBooter.java:595)
at org.apache.maven.surefire.booter.ForkedBooter.main(ForkedBooter.java:581)
]]>
            </full-stacktrace>
          </exception> <!-- java.lang.AssertionError -->
          <reporter-output>
          </reporter-output>
        </test-method> <!-- registeringWithAllFileds -->
        <test-method is-config="true" signature="tearDown()[pri:0, instance:com.opencart.zdatadriven.TC01_DDRegisterFunctionTest@362045c0]" started-at="2022-12-29T00:14:09 IST" name="tearDown" finished-at="2022-12-29T00:14:09 IST" duration-ms="450" status="PASS">
          <reporter-output>
          </reporter-output>
        </test-method> <!-- tearDown -->
        <test-method signature="registeringWithAllFileds(java.util.HashMap)[pri:0, instance:com.opencart.zdatadriven.TC01_DDRegisterFunctionTest@362045c0]" started-at="2022-12-29T00:14:09 IST" name="registeringWithAllFileds" data-provider="AllFieldTest" finished-at="2022-12-29T00:14:21 IST" duration-ms="12247" status="PASS">
          <params>
            <param index="0">
              <value>
                <![CDATA[{Email=ravi400@gmail.com, ExpectedResult=Failure, Telephone=, FirstName=Praveen, Runmode=Y, LastName=Sharma, Browser=Firefox, Password=*A123l1, ConfirmPassword=*A123l1}]]>
              </value>
            </param>
          </params>
          <reporter-output>
          </reporter-output>
        </test-method> <!-- registeringWithAllFileds -->
        <test-method is-config="true" signature="tearDown()[pri:0, instance:com.opencart.zdatadriven.TC01_DDRegisterFunctionTest@362045c0]" started-at="2022-12-29T00:14:21 IST" name="tearDown" finished-at="2022-12-29T00:14:24 IST" duration-ms="2294" status="PASS">
          <reporter-output>
          </reporter-output>
        </test-method> <!-- tearDown -->
        <test-method signature="registeringWithAllFileds(java.util.HashMap)[pri:0, instance:com.opencart.zdatadriven.TC01_DDRegisterFunctionTest@362045c0]" started-at="2022-12-29T00:14:24 IST" name="registeringWithAllFileds" data-provider="AllFieldTest" finished-at="2022-12-29T00:14:34 IST" duration-ms="10822" status="PASS">
          <params>
            <param index="0">
              <value>
                <![CDATA[{Email=ravi401@gmail.com, ExpectedResult=Failure, Telephone=AAAAAAAAAA, FirstName=Praveen, Runmode=Y, LastName=Sharma, Browser=Chrome, Password=, ConfirmPassword=*A123l2}]]>
              </value>
            </param>
          </params>
          <reporter-output>
          </reporter-output>
        </test-method> <!-- registeringWithAllFileds -->
        <test-method is-config="true" signature="tearDown()[pri:0, instance:com.opencart.zdatadriven.TC01_DDRegisterFunctionTest@362045c0]" started-at="2022-12-29T00:14:34 IST" name="tearDown" finished-at="2022-12-29T00:14:35 IST" duration-ms="411" status="PASS">
          <reporter-output>
          </reporter-output>
        </test-method> <!-- tearDown -->
        <test-method signature="registeringWithAllFileds(java.util.HashMap)[pri:0, instance:com.opencart.zdatadriven.TC01_DDRegisterFunctionTest@362045c0]" started-at="2022-12-29T00:14:35 IST" name="registeringWithAllFileds" data-provider="AllFieldTest" finished-at="2022-12-29T00:14:44 IST" duration-ms="9598" status="PASS">
          <params>
            <param index="0">
              <value>
                <![CDATA[{Email=ravi402@gmail.com, ExpectedResult=Failure, Telephone=9876543210, FirstName=Praveen, Runmode=Y, LastName=Sharma, Browser=Edge, Password=*A123l2, ConfirmPassword=}]]>
              </value>
            </param>
          </params>
          <reporter-output>
          </reporter-output>
        </test-method> <!-- registeringWithAllFileds -->
        <test-method is-config="true" signature="tearDown()[pri:0, instance:com.opencart.zdatadriven.TC01_DDRegisterFunctionTest@362045c0]" started-at="2022-12-29T00:14:45 IST" name="tearDown" finished-at="2022-12-29T00:14:45 IST" duration-ms="494" status="PASS">
          <reporter-output>
          </reporter-output>
        </test-method> <!-- tearDown -->
        <test-method signature="registeringWithAllFileds(java.util.HashMap)[pri:0, instance:com.opencart.zdatadriven.TC01_DDRegisterFunctionTest@362045c0]" started-at="2022-12-29T00:14:45 IST" name="registeringWithAllFileds" data-provider="AllFieldTest" finished-at="2022-12-29T00:15:00 IST" duration-ms="14889" status="FAIL">
          <params>
            <param index="0">
              <value>
                <![CDATA[{Email=ravi42@gmail.com, ExpectedResult=Failure, Telephone=12345, FirstName=Praveen, Runmode=Y, LastName=Sharma, Browser=Firefox, Password=*A123l2, ConfirmPassword=*A123l2}]]>
              </value>
            </param>
          </params>
          <exception class="java.lang.AssertionError">
            <message>
              <![CDATA[expected [true] but found [false]]]>
            </message>
            <full-stacktrace>
              <![CDATA[java.lang.AssertionError: expected [true] but found [false]
at org.testng.Assert.fail(Assert.java:110)
at org.testng.Assert.failNotEquals(Assert.java:1413)
at org.testng.Assert.assertEqualsImpl(Assert.java:149)
at org.testng.Assert.assertEquals(Assert.java:131)
at org.testng.Assert.assertEquals(Assert.java:976)
at org.testng.Assert.assertEquals(Assert.java:1010)
at com.opencart.zdatadriven.TC01_DDRegisterFunctionTest.registeringWithAllFileds(TC01_DDRegisterFunctionTest.java:101)
at java.base/jdk.internal.reflect.DirectMethodHandleAccessor.invoke(DirectMethodHandleAccessor.java:104)
at java.base/java.lang.reflect.Method.invoke(Method.java:577)
at org.testng.internal.invokers.MethodInvocationHelper.invokeMethod(MethodInvocationHelper.java:139)
at org.testng.internal.invokers.TestInvoker.invokeMethod(TestInvoker.java:677)
at org.testng.internal.invokers.TestInvoker.invokeTestMethod(TestInvoker.java:221)
at org.testng.internal.invokers.MethodRunner.runInSequence(MethodRunner.java:50)
at org.testng.internal.invokers.TestInvoker$MethodInvocationAgent.invoke(TestInvoker.java:969)
at org.testng.internal.invokers.TestInvoker.invokeTestMethods(TestInvoker.java:194)
at org.testng.internal.invokers.TestMethodWorker.invokeTestMethods(TestMethodWorker.java:148)
at org.testng.internal.invokers.TestMethodWorker.run(TestMethodWorker.java:128)
at java.base/java.util.ArrayList.forEach(ArrayList.java:1511)
at org.testng.TestRunner.privateRun(TestRunner.java:829)
at org.testng.TestRunner.run(TestRunner.java:602)
at org.testng.SuiteRunner.runTest(SuiteRunner.java:437)
at org.testng.SuiteRunner.runSequentially(SuiteRunner.java:431)
at org.testng.SuiteRunner.privateRun(SuiteRunner.java:391)
at org.testng.SuiteRunner.run(SuiteRunner.java:330)
at org.testng.SuiteRunnerWorker.runSuite(SuiteRunnerWorker.java:52)
at org.testng.SuiteRunnerWorker.run(SuiteRunnerWorker.java:95)
at org.testng.TestNG.runSuitesSequentially(TestNG.java:1256)
at org.testng.TestNG.runSuitesLocally(TestNG.java:1176)
at org.testng.TestNG.runSuites(TestNG.java:1099)
at org.testng.TestNG.run(TestNG.java:1067)
at org.apache.maven.surefire.testng.TestNGExecutor.run(TestNGExecutor.java:324)
at org.apache.maven.surefire.testng.TestNGXmlTestSuite.execute(TestNGXmlTestSuite.java:74)
at org.apache.maven.surefire.testng.TestNGProvider.invoke(TestNGProvider.java:123)
at org.apache.maven.surefire.booter.ForkedBooter.runSuitesInProcess(ForkedBooter.java:456)
at org.apache.maven.surefire.booter.ForkedBooter.execute(ForkedBooter.java:169)
at org.apache.maven.surefire.booter.ForkedBooter.run(ForkedBooter.java:595)
at org.apache.maven.surefire.booter.ForkedBooter.main(ForkedBooter.java:581)
]]>
            </full-stacktrace>
          </exception> <!-- java.lang.AssertionError -->
          <reporter-output>
          </reporter-output>
        </test-method> <!-- registeringWithAllFileds -->
        <test-method is-config="true" signature="tearDown()[pri:0, instance:com.opencart.zdatadriven.TC01_DDRegisterFunctionTest@362045c0]" started-at="2022-12-29T00:15:00 IST" name="tearDown" finished-at="2022-12-29T00:15:02 IST" duration-ms="2417" status="PASS">
          <reporter-output>
          </reporter-output>
        </test-method> <!-- tearDown -->
        <test-method signature="registeringWithAllFileds(java.util.HashMap)[pri:0, instance:com.opencart.zdatadriven.TC01_DDRegisterFunctionTest@362045c0]" started-at="2022-12-29T00:15:02 IST" name="registeringWithAllFileds" data-provider="AllFieldTest" finished-at="2022-12-29T00:15:14 IST" duration-ms="11406" status="FAIL">
          <params>
            <param index="0">
              <value>
                <![CDATA[{Email=ravi44gmail.com, ExpectedResult=Failure, Telephone=12345abhgt, FirstName=Praveen, Runmode=Y, LastName=Sharma, Browser=Chrome, Password=*A123l2, ConfirmPassword=*A123l2}]]>
              </value>
            </param>
          </params>
          <exception class="java.lang.AssertionError">
            <message>
              <![CDATA[expected [true] but found [false]]]>
            </message>
            <full-stacktrace>
              <![CDATA[java.lang.AssertionError: expected [true] but found [false]
at org.testng.Assert.fail(Assert.java:110)
at org.testng.Assert.failNotEquals(Assert.java:1413)
at org.testng.Assert.assertEqualsImpl(Assert.java:149)
at org.testng.Assert.assertEquals(Assert.java:131)
at org.testng.Assert.assertEquals(Assert.java:976)
at org.testng.Assert.assertEquals(Assert.java:1010)
at com.opencart.zdatadriven.TC01_DDRegisterFunctionTest.registeringWithAllFileds(TC01_DDRegisterFunctionTest.java:101)
at java.base/jdk.internal.reflect.DirectMethodHandleAccessor.invoke(DirectMethodHandleAccessor.java:104)
at java.base/java.lang.reflect.Method.invoke(Method.java:577)
at org.testng.internal.invokers.MethodInvocationHelper.invokeMethod(MethodInvocationHelper.java:139)
at org.testng.internal.invokers.TestInvoker.invokeMethod(TestInvoker.java:677)
at org.testng.internal.invokers.TestInvoker.invokeTestMethod(TestInvoker.java:221)
at org.testng.internal.invokers.MethodRunner.runInSequence(MethodRunner.java:50)
at org.testng.internal.invokers.TestInvoker$MethodInvocationAgent.invoke(TestInvoker.java:969)
at org.testng.internal.invokers.TestInvoker.invokeTestMethods(TestInvoker.java:194)
at org.testng.internal.invokers.TestMethodWorker.invokeTestMethods(TestMethodWorker.java:148)
at org.testng.internal.invokers.TestMethodWorker.run(TestMethodWorker.java:128)
at java.base/java.util.ArrayList.forEach(ArrayList.java:1511)
at org.testng.TestRunner.privateRun(TestRunner.java:829)
at org.testng.TestRunner.run(TestRunner.java:602)
at org.testng.SuiteRunner.runTest(SuiteRunner.java:437)
at org.testng.SuiteRunner.runSequentially(SuiteRunner.java:431)
at org.testng.SuiteRunner.privateRun(SuiteRunner.java:391)
at org.testng.SuiteRunner.run(SuiteRunner.java:330)
at org.testng.SuiteRunnerWorker.runSuite(SuiteRunnerWorker.java:52)
at org.testng.SuiteRunnerWorker.run(SuiteRunnerWorker.java:95)
at org.testng.TestNG.runSuitesSequentially(TestNG.java:1256)
at org.testng.TestNG.runSuitesLocally(TestNG.java:1176)
at org.testng.TestNG.runSuites(TestNG.java:1099)
at org.testng.TestNG.run(TestNG.java:1067)
at org.apache.maven.surefire.testng.TestNGExecutor.run(TestNGExecutor.java:324)
at org.apache.maven.surefire.testng.TestNGXmlTestSuite.execute(TestNGXmlTestSuite.java:74)
at org.apache.maven.surefire.testng.TestNGProvider.invoke(TestNGProvider.java:123)
at org.apache.maven.surefire.booter.ForkedBooter.runSuitesInProcess(ForkedBooter.java:456)
at org.apache.maven.surefire.booter.ForkedBooter.execute(ForkedBooter.java:169)
at org.apache.maven.surefire.booter.ForkedBooter.run(ForkedBooter.java:595)
at org.apache.maven.surefire.booter.ForkedBooter.main(ForkedBooter.java:581)
]]>
            </full-stacktrace>
          </exception> <!-- java.lang.AssertionError -->
          <reporter-output>
          </reporter-output>
        </test-method> <!-- registeringWithAllFileds -->
        <test-method is-config="true" signature="tearDown()[pri:0, instance:com.opencart.zdatadriven.TC01_DDRegisterFunctionTest@362045c0]" started-at="2022-12-29T00:15:14 IST" name="tearDown" finished-at="2022-12-29T00:15:14 IST" duration-ms="510" status="PASS">
          <reporter-output>
          </reporter-output>
        </test-method> <!-- tearDown -->
        <test-method signature="registeringWithAllFileds(java.util.HashMap)[pri:0, instance:com.opencart.zdatadriven.TC01_DDRegisterFunctionTest@362045c0]" started-at="2022-12-29T00:15:14 IST" name="registeringWithAllFileds" data-provider="AllFieldTest" finished-at="2022-12-29T00:15:23 IST" duration-ms="9065" status="PASS">
          <params>
            <param index="0">
              <value>
                <![CDATA[{Email=ravi403@gmail, ExpectedResult=Failure, Telephone=98765432105, FirstName=Praveen, Runmode=Y, LastName=Sharma, Browser=Edge, Password=*A123l2, ConfirmPassword=*A123l3}]]>
              </value>
            </param>
          </params>
          <reporter-output>
          </reporter-output>
        </test-method> <!-- registeringWithAllFileds -->
        <test-method is-config="true" signature="tearDown()[pri:0, instance:com.opencart.zdatadriven.TC01_DDRegisterFunctionTest@362045c0]" started-at="2022-12-29T00:15:23 IST" name="tearDown" finished-at="2022-12-29T00:15:24 IST" duration-ms="441" status="PASS">
          <reporter-output>
          </reporter-output>
        </test-method> <!-- tearDown -->
        <test-method signature="registeringWithAllFileds(java.util.HashMap)[pri:0, instance:com.opencart.zdatadriven.TC01_DDRegisterFunctionTest@362045c0]" started-at="2022-12-29T00:15:24 IST" name="registeringWithAllFileds" data-provider="AllFieldTest" finished-at="2022-12-29T00:15:32 IST" duration-ms="8101" status="PASS">
          <params>
            <param index="0">
              <value>
                <![CDATA[{Email=ravi454, ExpectedResult=Failure, Telephone=98765432105, FirstName=Praveen, Runmode=Y, LastName=Sharma, Browser=Chrome, Password=*A123l3, ConfirmPassword=a}]]>
              </value>
            </param>
          </params>
          <reporter-output>
          </reporter-output>
        </test-method> <!-- registeringWithAllFileds -->
        <test-method is-config="true" signature="tearDown()[pri:0, instance:com.opencart.zdatadriven.TC01_DDRegisterFunctionTest@362045c0]" started-at="2022-12-29T00:15:32 IST" name="tearDown" finished-at="2022-12-29T00:15:32 IST" duration-ms="469" status="PASS">
          <reporter-output>
          </reporter-output>
        </test-method> <!-- tearDown -->
      </class> <!-- com.opencart.zdatadriven.TC01_DDRegisterFunctionTest -->
    </test> <!-- Testdatadriventest -->
  </suite> <!-- opencart -->
</testng-results>
