<?xml version="1.0" encoding="UTF-8"?>
<!-- Generated by org.testng.reporters.JUnitXMLReporter -->
<testsuite ignored="0" hostname="Z422" failures="3" tests="7" name="Run" time="159.652" errors="0" timestamp="2022-12-27T22:30:11 IST">
  <testcase classname="com.opencart.testcase.TC007_RFnavigatingtoregistertest" name="registeringByNaviagting" time="8.621"/>
  <testcase classname="com.opencart.testcase.TC008_RFdifferentpasswordtest" name="registeringWithDifferentPassword" time="5.216"/>
  <testcase classname="com.opencart.testcase.TC011_RFinvalidphonenumtest" name="registeringWithInvalidPhoneNumber" time="11.939"/>
  <testcase classname="com.opencart.testcase.TC011_RFinvalidphonenumtest" name="registeringWithInvalidPhoneNumber" time="7.217">
    <failure type="java.lang.AssertionError" message="null">
      <![CDATA[java.lang.AssertionError: null
at com.opencart.testcase.TC011_RFinvalidphonenumtest.registeringWithInvalidPhoneNumber(TC011_RFinvalidphonenumtest.java:54)
at java.base/java.util.ArrayList.forEach(ArrayList.java:1511)
... Removed 31 stack frames]]>
    </failure>
  </testcase> <!-- registeringWithInvalidPhoneNumber -->
  <testcase classname="com.opencart.testcase.TC015_RFemptyspacejsontest" name="registartionWithEmptySpaceByJSON" time="4.194"/>
  <testcase classname="com.opencart.testcase.TC031_LFpaswrdinpagesouretest" name="loginForPasswordVisibiltyInPageSource" time="1.624">
    <failure type="java.lang.AssertionError" message="null">
      <![CDATA[java.lang.AssertionError: null
at com.opencart.testcase.TC031_LFpaswrdinpagesouretest.loginForPasswordVisibiltyInPageSource(TC031_LFpaswrdinpagesouretest.java:45)
at java.base/java.util.ArrayList.forEach(ArrayList.java:1511)
... Removed 31 stack frames]]>
    </failure>
  </testcase> <!-- loginForPasswordVisibiltyInPageSource -->
  <testcase classname="com.opencart.testcase.TC033_LFloginandbrowserexittest" name="loginAndExitBrowser" time="19.092">
    <failure type="java.lang.AssertionError" message="null">
      <![CDATA[java.lang.AssertionError: null
at com.opencart.testcase.TC033_LFloginandbrowserexittest.loginAndExitBrowser(TC033_LFloginandbrowserexittest.java:70)
at java.base/java.util.ArrayList.forEach(ArrayList.java:1511)
... Removed 31 stack frames]]>
    </failure>
  </testcase> <!-- loginAndExitBrowser -->
</testsuite> <!-- Run -->
