<?xml version="1.0" encoding="UTF-8"?>
<!-- Generated by org.testng.reporters.JUnitReportReporter -->
<testsuite hostname="Z422" failures="2" tests="15" name="com.opencart.zdatadriven.TC01_DDRegisterFunctionTest" time="290.039" errors="0" timestamp="2023-01-09T20:56:46 IST" skipped="0">
  <testcase classname="com.opencart.zdatadriven.TC01_DDRegisterFunctionTest" name="registeringWithAllFileds" time="32.357"/>
  <system-out/>
  <testcase classname="com.opencart.zdatadriven.TC01_DDRegisterFunctionTest" name="registeringWithAllFileds" time="15.725"/>
  <system-out/>
  <testcase classname="com.opencart.zdatadriven.TC01_DDRegisterFunctionTest" name="registeringWithAllFileds" time="23.773"/>
  <system-out/>
  <testcase classname="com.opencart.zdatadriven.TC01_DDRegisterFunctionTest" name="registeringWithAllFileds" time="11.313">
    <failure message="expected [true] but found [false]" type="java.lang.AssertionError">
      <![CDATA[java.lang.AssertionError: expected [true] but found [false]
at org.testng.Assert.fail(Assert.java:110)
at org.testng.Assert.failNotEquals(Assert.java:1413)
at org.testng.Assert.assertEqualsImpl(Assert.java:149)
at org.testng.Assert.assertEquals(Assert.java:131)
at org.testng.Assert.assertEquals(Assert.java:976)
at org.testng.Assert.assertEquals(Assert.java:1010)
at com.opencart.zdatadriven.TC01_DDRegisterFunctionTest.registeringWithAllFileds(TC01_DDRegisterFunctionTest.java:94)
at java.base/jdk.internal.reflect.DirectMethodHandleAccessor.invoke(DirectMethodHandleAccessor.java:104)
at java.base/java.lang.reflect.Method.invoke(Method.java:577)
at org.testng.internal.invokers.MethodInvocationHelper.invokeMethod(MethodInvocationHelper.java:139)
at org.testng.internal.invokers.TestInvoker.invokeMethod(TestInvoker.java:677)
at org.testng.internal.invokers.TestInvoker.invokeTestMethod(TestInvoker.java:221)
at org.testng.internal.invokers.MethodRunner.runInSequence(MethodRunner.java:50)
at org.testng.internal.invokers.TestInvoker$MethodInvocationAgent.invoke(TestInvoker.java:969)
at org.testng.internal.invokers.TestInvoker.invokeTestMethods(TestInvoker.java:194)
at org.testng.internal.invokers.TestMethodWorker.invokeTestMethods(TestMethodWorker.java:148)
at org.testng.internal.invokers.TestMethodWorker.run(TestMethodWorker.java:128)
at java.base/java.util.ArrayList.forEach(ArrayList.java:1511)
at org.testng.TestRunner.privateRun(TestRunner.java:829)
at org.testng.TestRunner.run(TestRunner.java:602)
at org.testng.SuiteRunner.runTest(SuiteRunner.java:437)
at org.testng.SuiteRunner.runSequentially(SuiteRunner.java:431)
at org.testng.SuiteRunner.privateRun(SuiteRunner.java:391)
at org.testng.SuiteRunner.run(SuiteRunner.java:330)
at org.testng.SuiteRunnerWorker.runSuite(SuiteRunnerWorker.java:52)
at org.testng.SuiteRunnerWorker.run(SuiteRunnerWorker.java:95)
at org.testng.TestNG.runSuitesSequentially(TestNG.java:1256)
at org.testng.TestNG.runSuitesLocally(TestNG.java:1176)
at org.testng.TestNG.runSuites(TestNG.java:1099)
at org.testng.TestNG.run(TestNG.java:1067)
at org.testng.remote.AbstractRemoteTestNG.run(AbstractRemoteTestNG.java:115)
at org.testng.remote.RemoteTestNG.initAndRun(RemoteTestNG.java:251)
at org.testng.remote.RemoteTestNG.main(RemoteTestNG.java:77)
]]>
    </failure>
  </testcase> <!-- registeringWithAllFileds -->
  <system-out/>
  <testcase classname="com.opencart.zdatadriven.TC01_DDRegisterFunctionTest" name="registeringWithAllFileds" time="15.002"/>
  <system-out/>
  <testcase classname="com.opencart.zdatadriven.TC01_DDRegisterFunctionTest" name="registeringWithAllFileds" time="18.299"/>
  <system-out/>
  <testcase classname="com.opencart.zdatadriven.TC01_DDRegisterFunctionTest" name="registeringWithAllFileds" time="13.716"/>
  <system-out/>
  <testcase classname="com.opencart.zdatadriven.TC01_DDRegisterFunctionTest" name="registeringWithAllFileds" time="29.353"/>
  <system-out/>
  <testcase classname="com.opencart.zdatadriven.TC01_DDRegisterFunctionTest" name="registeringWithAllFileds" time="33.157"/>
  <system-out/>
  <testcase classname="com.opencart.zdatadriven.TC01_DDRegisterFunctionTest" name="registeringWithAllFileds" time="20.208"/>
  <system-out/>
  <testcase classname="com.opencart.zdatadriven.TC01_DDRegisterFunctionTest" name="registeringWithAllFileds" time="10.965"/>
  <system-out/>
  <testcase classname="com.opencart.zdatadriven.TC01_DDRegisterFunctionTest" name="registeringWithAllFileds" time="14.712">
    <failure message="expected [true] but found [false]" type="java.lang.AssertionError">
      <![CDATA[java.lang.AssertionError: expected [true] but found [false]
at org.testng.Assert.fail(Assert.java:110)
at org.testng.Assert.failNotEquals(Assert.java:1413)
at org.testng.Assert.assertEqualsImpl(Assert.java:149)
at org.testng.Assert.assertEquals(Assert.java:131)
at org.testng.Assert.assertEquals(Assert.java:976)
at org.testng.Assert.assertEquals(Assert.java:1010)
at com.opencart.zdatadriven.TC01_DDRegisterFunctionTest.registeringWithAllFileds(TC01_DDRegisterFunctionTest.java:94)
at java.base/jdk.internal.reflect.DirectMethodHandleAccessor.invoke(DirectMethodHandleAccessor.java:104)
at java.base/java.lang.reflect.Method.invoke(Method.java:577)
at org.testng.internal.invokers.MethodInvocationHelper.invokeMethod(MethodInvocationHelper.java:139)
at org.testng.internal.invokers.TestInvoker.invokeMethod(TestInvoker.java:677)
at org.testng.internal.invokers.TestInvoker.invokeTestMethod(TestInvoker.java:221)
at org.testng.internal.invokers.MethodRunner.runInSequence(MethodRunner.java:50)
at org.testng.internal.invokers.TestInvoker$MethodInvocationAgent.invoke(TestInvoker.java:969)
at org.testng.internal.invokers.TestInvoker.invokeTestMethods(TestInvoker.java:194)
at org.testng.internal.invokers.TestMethodWorker.invokeTestMethods(TestMethodWorker.java:148)
at org.testng.internal.invokers.TestMethodWorker.run(TestMethodWorker.java:128)
at java.base/java.util.ArrayList.forEach(ArrayList.java:1511)
at org.testng.TestRunner.privateRun(TestRunner.java:829)
at org.testng.TestRunner.run(TestRunner.java:602)
at org.testng.SuiteRunner.runTest(SuiteRunner.java:437)
at org.testng.SuiteRunner.runSequentially(SuiteRunner.java:431)
at org.testng.SuiteRunner.privateRun(SuiteRunner.java:391)
at org.testng.SuiteRunner.run(SuiteRunner.java:330)
at org.testng.SuiteRunnerWorker.runSuite(SuiteRunnerWorker.java:52)
at org.testng.SuiteRunnerWorker.run(SuiteRunnerWorker.java:95)
at org.testng.TestNG.runSuitesSequentially(TestNG.java:1256)
at org.testng.TestNG.runSuitesLocally(TestNG.java:1176)
at org.testng.TestNG.runSuites(TestNG.java:1099)
at org.testng.TestNG.run(TestNG.java:1067)
at org.testng.remote.AbstractRemoteTestNG.run(AbstractRemoteTestNG.java:115)
at org.testng.remote.RemoteTestNG.initAndRun(RemoteTestNG.java:251)
at org.testng.remote.RemoteTestNG.main(RemoteTestNG.java:77)
]]>
    </failure>
  </testcase> <!-- registeringWithAllFileds -->
  <system-out/>
  <testcase classname="com.opencart.zdatadriven.TC01_DDRegisterFunctionTest" name="registeringWithAllFileds" time="12.851"/>
  <system-out/>
  <testcase classname="com.opencart.zdatadriven.TC01_DDRegisterFunctionTest" name="registeringWithAllFileds" time="21.696"/>
  <system-out/>
  <testcase classname="com.opencart.zdatadriven.TC01_DDRegisterFunctionTest" name="registeringWithAllFileds" time="16.912"/>
  <system-out/>
</testsuite> <!-- com.opencart.zdatadriven.TC01_DDRegisterFunctionTest -->
